Started GET "/" for ::1 at 2020-08-04 02:49:03 -0600
  [1m[35m (5.5ms)[0m  [1m[34mSELECT sqlite_version(*)[0m
  [1m[35m (2.0ms)[0m  [1m[34mSELECT "schema_migrations"."version" FROM "schema_migrations" ORDER BY "schema_migrations"."version" ASC[0m
Processing by ApplicationController#welcome as HTML
Redirected to http://localhost:3000/users/6
Completed 302 Found in 12ms (ActiveRecord: 0.0ms | Allocations: 517)


Started GET "/users/6" for ::1 at 2020-08-04 02:49:03 -0600
Processing by UsersController#show as HTML
  Parameters: {"id"=>"6"}
  [1m[36mUser Load (1.9ms)[0m  [1m[34mSELECT "users".* FROM "users" WHERE "users"."id" = ? LIMIT ?[0m  [["id", 6], ["LIMIT", 1]]
  ↳ app/controllers/application_controller.rb:55:in `show'
  Rendering users/show.html.erb within layouts/application
  [1m[36mBook Exists? (2.0ms)[0m  [1m[34mSELECT 1 AS one FROM "books" INNER JOIN "favorite_books" ON "books"."id" = "favorite_books"."book_id" WHERE "favorite_books"."user_id" = ? LIMIT ?[0m  [["user_id", 6], ["LIMIT", 1]]
  ↳ app/helpers/users_helper.rb:41:in `favorites'
  [1m[36mAuthor Exists? (4.8ms)[0m  [1m[34mSELECT 1 AS one FROM "authors" INNER JOIN "favorite_authors" ON "authors"."id" = "favorite_authors"."author_id" WHERE "favorite_authors"."user_id" = ? LIMIT ?[0m  [["user_id", 6], ["LIMIT", 1]]
  ↳ app/helpers/users_helper.rb:41:in `favorites'
  [1m[36mGenre Exists? (7.5ms)[0m  [1m[34mSELECT 1 AS one FROM "genres" INNER JOIN "favorite_genres" ON "genres"."id" = "favorite_genres"."genre_id" WHERE "favorite_genres"."user_id" = ? LIMIT ?[0m  [["user_id", 6], ["LIMIT", 1]]
  ↳ app/helpers/users_helper.rb:41:in `favorites'
  Rendered users/show.html.erb within layouts/application (Duration: 311.8ms | Allocations: 32034)
[Webpacker] Compiling...
[Webpacker] Compilation failed:
yarn run v1.22.4
info Visit https://yarnpkg.com/en/docs/cli/run for documentation about this command.


error Command "webpack" not found.

  [1m[36mUser Load (0.6ms)[0m  [1m[34mSELECT "users".* FROM "users" WHERE "users"."id" = ? LIMIT ?[0m  [["id", 6], ["LIMIT", 1]]
  ↳ app/helpers/application_helper.rb:191:in `profile'
Completed 200 OK in 8473ms (Views: 8320.6ms | ActiveRecord: 40.1ms | Allocations: 79493)


Started GET "/users/6/books" for ::1 at 2020-08-04 02:49:27 -0600
Processing by BooksController#index as HTML
  Parameters: {"user_id"=>"6"}
  Rendering books/index.html.erb within layouts/application
  [1m[36mBook Exists? (2.3ms)[0m  [1m[34mSELECT 1 AS one FROM "books" LIMIT ?[0m  [["LIMIT", 1]]
  ↳ app/helpers/application_helper.rb:113:in `index'
  [1m[36mBook Load (1.3ms)[0m  [1m[34mSELECT "books".* FROM "books"[0m
  ↳ app/helpers/application_helper.rb:115:in `index'
  [1m[36mUser Load (0.6ms)[0m  [1m[34mSELECT "users".* FROM "users" WHERE "users"."id" = ? LIMIT ?[0m  [["id", 6], ["LIMIT", 1]]
  ↳ app/helpers/application_helper.rb:117:in `index'
  [1m[36mBook Exists? (0.8ms)[0m  [1m[34mSELECT 1 AS one FROM "books" INNER JOIN "favorite_books" ON "books"."id" = "favorite_books"."book_id" WHERE "favorite_books"."user_id" = ? AND "books"."id" = ? LIMIT ?[0m  [["user_id", 6], ["id", 1], ["LIMIT", 1]]
  ↳ app/helpers/application_helper.rb:217:in `favorite_button'
  [1m[36mBook Exists? (0.8ms)[0m  [1m[34mSELECT 1 AS one FROM "books" INNER JOIN "favorite_books" ON "books"."id" = "favorite_books"."book_id" WHERE "favorite_books"."user_id" = ? AND "books"."id" = ? LIMIT ?[0m  [["user_id", 6], ["id", 2], ["LIMIT", 1]]
  ↳ app/helpers/application_helper.rb:217:in `favorite_button'
  [1m[36mBook Exists? (0.7ms)[0m  [1m[34mSELECT 1 AS one FROM "books" INNER JOIN "favorite_books" ON "books"."id" = "favorite_books"."book_id" WHERE "favorite_books"."user_id" = ? AND "books"."id" = ? LIMIT ?[0m  [["user_id", 6], ["id", 3], ["LIMIT", 1]]
  ↳ app/helpers/application_helper.rb:217:in `favorite_button'
  [1m[36mBook Exists? (0.8ms)[0m  [1m[34mSELECT 1 AS one FROM "books" INNER JOIN "favorite_books" ON "books"."id" = "favorite_books"."book_id" WHERE "favorite_books"."user_id" = ? AND "books"."id" = ? LIMIT ?[0m  [["user_id", 6], ["id", 4], ["LIMIT", 1]]
  ↳ app/helpers/application_helper.rb:217:in `favorite_button'
  [1m[36mBook Exists? (0.9ms)[0m  [1m[34mSELECT 1 AS one FROM "books" INNER JOIN "favorite_books" ON "books"."id" = "favorite_books"."book_id" WHERE "favorite_books"."user_id" = ? AND "books"."id" = ? LIMIT ?[0m  [["user_id", 6], ["id", 5], ["LIMIT", 1]]
  ↳ app/helpers/application_helper.rb:217:in `favorite_button'
  [1m[36mBook Exists? (0.8ms)[0m  [1m[34mSELECT 1 AS one FROM "books" INNER JOIN "favorite_books" ON "books"."id" = "favorite_books"."book_id" WHERE "favorite_books"."user_id" = ? AND "books"."id" = ? LIMIT ?[0m  [["user_id", 6], ["id", 6], ["LIMIT", 1]]
  ↳ app/helpers/application_helper.rb:217:in `favorite_button'
  [1m[36mBook Exists? (0.8ms)[0m  [1m[34mSELECT 1 AS one FROM "books" INNER JOIN "favorite_books" ON "books"."id" = "favorite_books"."book_id" WHERE "favorite_books"."user_id" = ? AND "books"."id" = ? LIMIT ?[0m  [["user_id", 6], ["id", 7], ["LIMIT", 1]]
  ↳ app/helpers/application_helper.rb:217:in `favorite_button'
  [1m[36mBook Exists? (0.8ms)[0m  [1m[34mSELECT 1 AS one FROM "books" INNER JOIN "favorite_books" ON "books"."id" = "favorite_books"."book_id" WHERE "favorite_books"."user_id" = ? AND "books"."id" = ? LIMIT ?[0m  [["user_id", 6], ["id", 8], ["LIMIT", 1]]
  ↳ app/helpers/application_helper.rb:217:in `favorite_button'
  [1m[36mBook Exists? (0.8ms)[0m  [1m[34mSELECT 1 AS one FROM "books" INNER JOIN "favorite_books" ON "books"."id" = "favorite_books"."book_id" WHERE "favorite_books"."user_id" = ? AND "books"."id" = ? LIMIT ?[0m  [["user_id", 6], ["id", 9], ["LIMIT", 1]]
  ↳ app/helpers/application_helper.rb:217:in `favorite_button'
  [1m[36mBook Exists? (0.8ms)[0m  [1m[34mSELECT 1 AS one FROM "books" INNER JOIN "favorite_books" ON "books"."id" = "favorite_books"."book_id" WHERE "favorite_books"."user_id" = ? AND "books"."id" = ? LIMIT ?[0m  [["user_id", 6], ["id", 10], ["LIMIT", 1]]
  ↳ app/helpers/application_helper.rb:217:in `favorite_button'
  [1m[36mBook Exists? (0.7ms)[0m  [1m[34mSELECT 1 AS one FROM "books" INNER JOIN "favorite_books" ON "books"."id" = "favorite_books"."book_id" WHERE "favorite_books"."user_id" = ? AND "books"."id" = ? LIMIT ?[0m  [["user_id", 6], ["id", 11], ["LIMIT", 1]]
  ↳ app/helpers/application_helper.rb:217:in `favorite_button'
  Rendered partials/_index.html.erb (Duration: 142.0ms | Allocations: 17150)
  Rendered books/index.html.erb within layouts/application (Duration: 146.3ms | Allocations: 17486)
[Webpacker] Everything's up-to-date. Nothing to do
  [1m[36mCACHE User Load (0.1ms)[0m  [1m[34mSELECT "users".* FROM "users" WHERE "users"."id" = ? LIMIT ?[0m  [["id", 6], ["LIMIT", 1]]
  ↳ app/helpers/application_helper.rb:191:in `profile'
Completed 200 OK in 194ms (Views: 173.9ms | ActiveRecord: 13.2ms | Allocations: 23096)


Started GET "/books/1" for ::1 at 2020-08-04 02:49:28 -0600
Processing by BooksController#show as HTML
  Parameters: {"id"=>"1"}
  [1m[36mBook Load (1.0ms)[0m  [1m[34mSELECT "books".* FROM "books" WHERE "books"."id" = ? LIMIT ?[0m  [["id", 1], ["LIMIT", 1]]
  ↳ app/controllers/application_controller.rb:55:in `show'
  Rendering books/show.html.erb within layouts/application
  [1m[36mAuthor Exists? (1.1ms)[0m  [1m[34mSELECT 1 AS one FROM "authors" INNER JOIN "author_books" ON "authors"."id" = "author_books"."author_id" WHERE "author_books"."book_id" = ? LIMIT ?[0m  [["book_id", 1], ["LIMIT", 1]]
  ↳ app/helpers/application_helper.rb:73:in `block in display_associations'
  [1m[36mAuthor Load (1.1ms)[0m  [1m[34mSELECT "authors".* FROM "authors" INNER JOIN "author_books" ON "authors"."id" = "author_books"."author_id" WHERE "author_books"."book_id" = ?[0m  [["book_id", 1]]
  ↳ app/helpers/application_helper.rb:74:in `block in display_associations'
  [1m[36mGenre Exists? (1.2ms)[0m  [1m[34mSELECT 1 AS one FROM "genres" INNER JOIN "book_genres" ON "genres"."id" = "book_genres"."genre_id" WHERE "book_genres"."book_id" = ? LIMIT ?[0m  [["book_id", 1], ["LIMIT", 1]]
  ↳ app/helpers/application_helper.rb:73:in `block in display_associations'
  [1m[36mGenre Load (0.8ms)[0m  [1m[34mSELECT "genres".* FROM "genres" INNER JOIN "book_genres" ON "genres"."id" = "book_genres"."genre_id" WHERE "book_genres"."book_id" = ?[0m  [["book_id", 1]]
  ↳ app/helpers/application_helper.rb:74:in `block in display_associations'
  [1m[36mUser Load (0.6ms)[0m  [1m[34mSELECT "users".* FROM "users" WHERE "users"."id" = ? LIMIT ?[0m  [["id", 6], ["LIMIT", 1]]
  ↳ app/helpers/application_helper.rb:106:in `favorite'
  [1m[36mBook Exists? (1.0ms)[0m  [1m[34mSELECT 1 AS one FROM "books" INNER JOIN "favorite_books" ON "books"."id" = "favorite_books"."book_id" WHERE "favorite_books"."user_id" = ? AND "books"."id" = ? LIMIT ?[0m  [["user_id", 6], ["id", 1], ["LIMIT", 1]]
  ↳ app/helpers/application_helper.rb:217:in `favorite_button'
  [1m[36mFavoriteBook Load (1.0ms)[0m  [1m[34mSELECT "favorite_books".* FROM "favorite_books" WHERE "favorite_books"."user_id" = ? AND "favorite_books"."book_id" = ? ORDER BY "favorite_books"."id" ASC LIMIT ?[0m  [["user_id", 6], ["book_id", 1], ["LIMIT", 1]]
  ↳ app/helpers/application_helper.rb:168:in `notes'
  Rendered partials/_show.html.erb (Duration: 157.7ms | Allocations: 19600)
  Rendered books/show.html.erb within layouts/application (Duration: 163.7ms | Allocations: 19921)
[Webpacker] Everything's up-to-date. Nothing to do
  [1m[36mCACHE User Load (0.1ms)[0m  [1m[34mSELECT "users".* FROM "users" WHERE "users"."id" = ? LIMIT ?[0m  [["id", 6], ["LIMIT", 1]]
  ↳ app/helpers/application_helper.rb:191:in `profile'
Completed 200 OK in 210ms (Views: 185.0ms | ActiveRecord: 12.9ms | Allocations: 25567)


Started GET "/authors/1" for ::1 at 2020-08-04 02:49:37 -0600
Processing by AuthorsController#show as HTML
  Parameters: {"id"=>"1"}
  [1m[36mAuthor Load (1.6ms)[0m  [1m[34mSELECT "authors".* FROM "authors" WHERE "authors"."id" = ? LIMIT ?[0m  [["id", 1], ["LIMIT", 1]]
  ↳ app/controllers/application_controller.rb:55:in `show'
  Rendering authors/show.html.erb within layouts/application
  [1m[36mBook Exists? (1.1ms)[0m  [1m[34mSELECT 1 AS one FROM "books" INNER JOIN "author_books" ON "books"."id" = "author_books"."book_id" WHERE "author_books"."author_id" = ? LIMIT ?[0m  [["author_id", 1], ["LIMIT", 1]]
  ↳ app/helpers/application_helper.rb:73:in `block in display_associations'
  [1m[36mBook Load (1.2ms)[0m  [1m[34mSELECT "books".* FROM "books" INNER JOIN "author_books" ON "books"."id" = "author_books"."book_id" WHERE "author_books"."author_id" = ?[0m  [["author_id", 1]]
  ↳ app/helpers/application_helper.rb:74:in `block in display_associations'
  [1m[36mGenre Exists? (1.4ms)[0m  [1m[34mSELECT 1 AS one FROM "genres" INNER JOIN "book_genres" ON "genres"."id" = "book_genres"."genre_id" INNER JOIN "books" ON "book_genres"."book_id" = "books"."id" INNER JOIN "author_books" ON "books"."id" = "author_books"."book_id" WHERE "author_books"."author_id" = ? LIMIT ?[0m  [["author_id", 1], ["LIMIT", 1]]
  ↳ app/helpers/application_helper.rb:73:in `block in display_associations'
  [1m[36mGenre Load (1.5ms)[0m  [1m[34mSELECT "genres".* FROM "genres" INNER JOIN "book_genres" ON "genres"."id" = "book_genres"."genre_id" INNER JOIN "books" ON "book_genres"."book_id" = "books"."id" INNER JOIN "author_books" ON "books"."id" = "author_books"."book_id" WHERE "author_books"."author_id" = ?[0m  [["author_id", 1]]
  ↳ app/helpers/application_helper.rb:74:in `block in display_associations'
  [1m[36mUser Load (0.6ms)[0m  [1m[34mSELECT "users".* FROM "users" WHERE "users"."id" = ? LIMIT ?[0m  [["id", 6], ["LIMIT", 1]]
  ↳ app/helpers/application_helper.rb:106:in `favorite'
  [1m[36mAuthor Exists? (1.0ms)[0m  [1m[34mSELECT 1 AS one FROM "authors" INNER JOIN "favorite_authors" ON "authors"."id" = "favorite_authors"."author_id" WHERE "favorite_authors"."user_id" = ? AND "authors"."id" = ? LIMIT ?[0m  [["user_id", 6], ["id", 1], ["LIMIT", 1]]
  ↳ app/helpers/application_helper.rb:217:in `favorite_button'
  [1m[36mFavoriteAuthor Load (1.1ms)[0m  [1m[34mSELECT "favorite_authors".* FROM "favorite_authors" WHERE "favorite_authors"."user_id" = ? AND "favorite_authors"."author_id" = ? ORDER BY "favorite_authors"."id" ASC LIMIT ?[0m  [["user_id", 6], ["author_id", 1], ["LIMIT", 1]]
  ↳ app/helpers/application_helper.rb:168:in `notes'
  Rendered partials/_show.html.erb (Duration: 86.2ms | Allocations: 11554)
  Rendered authors/show.html.erb within layouts/application (Duration: 91.7ms | Allocations: 11740)
[Webpacker] Everything's up-to-date. Nothing to do
  [1m[36mCACHE User Load (0.1ms)[0m  [1m[34mSELECT "users".* FROM "users" WHERE "users"."id" = ? LIMIT ?[0m  [["id", 6], ["LIMIT", 1]]
  ↳ app/helpers/application_helper.rb:191:in `profile'
Completed 200 OK in 152ms (Views: 125.2ms | ActiveRecord: 11.3ms | Allocations: 17901)


Started GET "/genres/6" for ::1 at 2020-08-04 02:49:39 -0600
Processing by GenresController#show as HTML
  Parameters: {"id"=>"6"}
  [1m[36mGenre Load (1.0ms)[0m  [1m[34mSELECT "genres".* FROM "genres" WHERE "genres"."id" = ? LIMIT ?[0m  [["id", 6], ["LIMIT", 1]]
  ↳ app/controllers/application_controller.rb:55:in `show'
  Rendering genres/show.html.erb within layouts/application
  [1m[36mAuthor Exists? (1.4ms)[0m  [1m[34mSELECT 1 AS one FROM "authors" INNER JOIN "author_books" ON "authors"."id" = "author_books"."author_id" INNER JOIN "books" ON "author_books"."book_id" = "books"."id" INNER JOIN "book_genres" ON "books"."id" = "book_genres"."book_id" WHERE "book_genres"."genre_id" = ? LIMIT ?[0m  [["genre_id", 6], ["LIMIT", 1]]
  ↳ app/helpers/application_helper.rb:73:in `block in display_associations'
  [1m[36mAuthor Load (1.6ms)[0m  [1m[34mSELECT "authors".* FROM "authors" INNER JOIN "author_books" ON "authors"."id" = "author_books"."author_id" INNER JOIN "books" ON "author_books"."book_id" = "books"."id" INNER JOIN "book_genres" ON "books"."id" = "book_genres"."book_id" WHERE "book_genres"."genre_id" = ?[0m  [["genre_id", 6]]
  ↳ app/helpers/application_helper.rb:74:in `block in display_associations'
  [1m[36mBook Exists? (1.0ms)[0m  [1m[34mSELECT 1 AS one FROM "books" INNER JOIN "book_genres" ON "books"."id" = "book_genres"."book_id" WHERE "book_genres"."genre_id" = ? LIMIT ?[0m  [["genre_id", 6], ["LIMIT", 1]]
  ↳ app/helpers/application_helper.rb:73:in `block in display_associations'
  [1m[36mBook Load (1.1ms)[0m  [1m[34mSELECT "books".* FROM "books" INNER JOIN "book_genres" ON "books"."id" = "book_genres"."book_id" WHERE "book_genres"."genre_id" = ?[0m  [["genre_id", 6]]
  ↳ app/helpers/application_helper.rb:74:in `block in display_associations'
  [1m[36mUser Load (0.7ms)[0m  [1m[34mSELECT "users".* FROM "users" WHERE "users"."id" = ? LIMIT ?[0m  [["id", 6], ["LIMIT", 1]]
  ↳ app/helpers/application_helper.rb:106:in `favorite'
  [1m[36mGenre Exists? (1.0ms)[0m  [1m[34mSELECT 1 AS one FROM "genres" INNER JOIN "favorite_genres" ON "genres"."id" = "favorite_genres"."genre_id" WHERE "favorite_genres"."user_id" = ? AND "genres"."id" = ? LIMIT ?[0m  [["user_id", 6], ["id", 6], ["LIMIT", 1]]
  ↳ app/helpers/application_helper.rb:217:in `favorite_button'
  [1m[36mFavoriteGenre Load (1.0ms)[0m  [1m[34mSELECT "favorite_genres".* FROM "favorite_genres" WHERE "favorite_genres"."user_id" = ? AND "favorite_genres"."genre_id" = ? ORDER BY "favorite_genres"."id" ASC LIMIT ?[0m  [["user_id", 6], ["genre_id", 6], ["LIMIT", 1]]
  ↳ app/helpers/application_helper.rb:168:in `notes'
  Rendered partials/_show.html.erb (Duration: 82.5ms | Allocations: 9597)
  Rendered genres/show.html.erb within layouts/application (Duration: 85.8ms | Allocations: 9781)
[Webpacker] Everything's up-to-date. Nothing to do
  [1m[36mCACHE User Load (0.1ms)[0m  [1m[34mSELECT "users".* FROM "users" WHERE "users"."id" = ? LIMIT ?[0m  [["id", 6], ["LIMIT", 1]]
  ↳ app/helpers/application_helper.rb:191:in `profile'
Completed 200 OK in 141ms (Views: 118.5ms | ActiveRecord: 10.9ms | Allocations: 15908)


Started GET "/genres/6" for ::1 at 2020-08-04 02:54:47 -0600
Processing by GenresController#show as HTML
  Parameters: {"id"=>"6"}
  [1m[36mGenre Load (0.7ms)[0m  [1m[34mSELECT "genres".* FROM "genres" WHERE "genres"."id" = ? LIMIT ?[0m  [["id", 6], ["LIMIT", 1]]
  ↳ app/controllers/application_controller.rb:55:in `show'
  Rendering genres/show.html.erb within layouts/application
  [1m[36mAuthor Exists? (1.7ms)[0m  [1m[34mSELECT 1 AS one FROM "authors" INNER JOIN "author_books" ON "authors"."id" = "author_books"."author_id" INNER JOIN "books" ON "author_books"."book_id" = "books"."id" INNER JOIN "book_genres" ON "books"."id" = "book_genres"."book_id" WHERE "book_genres"."genre_id" = ? LIMIT ?[0m  [["genre_id", 6], ["LIMIT", 1]]
  ↳ app/helpers/application_helper.rb:73:in `block in display_associations'
  [1m[36mAuthor Load (1.2ms)[0m  [1m[34mSELECT "authors".* FROM "authors" INNER JOIN "author_books" ON "authors"."id" = "author_books"."author_id" INNER JOIN "books" ON "author_books"."book_id" = "books"."id" INNER JOIN "book_genres" ON "books"."id" = "book_genres"."book_id" WHERE "book_genres"."genre_id" = ?[0m  [["genre_id", 6]]
  ↳ app/helpers/application_helper.rb:74:in `block in display_associations'
  [1m[36mBook Exists? (0.8ms)[0m  [1m[34mSELECT 1 AS one FROM "books" INNER JOIN "book_genres" ON "books"."id" = "book_genres"."book_id" WHERE "book_genres"."genre_id" = ? LIMIT ?[0m  [["genre_id", 6], ["LIMIT", 1]]
  ↳ app/helpers/application_helper.rb:73:in `block in display_associations'
  [1m[36mBook Load (0.6ms)[0m  [1m[34mSELECT "books".* FROM "books" INNER JOIN "book_genres" ON "books"."id" = "book_genres"."book_id" WHERE "book_genres"."genre_id" = ?[0m  [["genre_id", 6]]
  ↳ app/helpers/application_helper.rb:74:in `block in display_associations'
  [1m[36mUser Load (0.6ms)[0m  [1m[34mSELECT "users".* FROM "users" WHERE "users"."id" = ? LIMIT ?[0m  [["id", 6], ["LIMIT", 1]]
  ↳ app/helpers/application_helper.rb:106:in `favorite'
  [1m[36mGenre Exists? (0.8ms)[0m  [1m[34mSELECT 1 AS one FROM "genres" INNER JOIN "favorite_genres" ON "genres"."id" = "favorite_genres"."genre_id" WHERE "favorite_genres"."user_id" = ? AND "genres"."id" = ? LIMIT ?[0m  [["user_id", 6], ["id", 6], ["LIMIT", 1]]
  ↳ app/helpers/application_helper.rb:217:in `favorite_button'
  [1m[36mFavoriteGenre Load (0.6ms)[0m  [1m[34mSELECT "favorite_genres".* FROM "favorite_genres" WHERE "favorite_genres"."user_id" = ? AND "favorite_genres"."genre_id" = ? ORDER BY "favorite_genres"."id" ASC LIMIT ?[0m  [["user_id", 6], ["genre_id", 6], ["LIMIT", 1]]
  ↳ app/helpers/application_helper.rb:168:in `notes'
  Rendered partials/_show.html.erb (Duration: 60.0ms | Allocations: 7511)
  Rendered genres/show.html.erb within layouts/application (Duration: 63.4ms | Allocations: 7833)
[Webpacker] Everything's up-to-date. Nothing to do
  [1m[36mCACHE User Load (0.1ms)[0m  [1m[34mSELECT "users".* FROM "users" WHERE "users"."id" = ? LIMIT ?[0m  [["id", 6], ["LIMIT", 1]]
  ↳ app/helpers/application_helper.rb:191:in `profile'
Completed 200 OK in 118ms (Views: 99.5ms | ActiveRecord: 7.0ms | Allocations: 14417)


Started GET "/authors/popular" for ::1 at 2020-08-04 02:54:50 -0600
Processing by AuthorsController#popular as HTML
  Rendering authors/popular.html.erb within layouts/application
  [1m[36mAuthor Load (2.6ms)[0m  [1m[34mSELECT "authors".* FROM "authors" INNER JOIN "favorite_authors" ON "favorite_authors"."author_id" = "authors"."id" GROUP BY "authors"."name" ORDER BY COUNT(authors.name) DESC, "authors"."name" ASC[0m
  ↳ app/helpers/application_helper.rb:204:in `render_popular'
  [1m[35m (1.4ms)[0m  [1m[34mSELECT COUNT(*) AS count_all, "authors"."name" AS authors_name FROM "authors" INNER JOIN "favorite_authors" ON "favorite_authors"."author_id" = "authors"."id" GROUP BY "authors"."name" ORDER BY COUNT(authors.name) DESC, "authors"."name" ASC[0m
  ↳ app/helpers/application_helper.rb:205:in `block in render_popular'
  [1m[35mCACHE  (0.1ms)[0m  [1m[34mSELECT COUNT(*) AS count_all, "authors"."name" AS authors_name FROM "authors" INNER JOIN "favorite_authors" ON "favorite_authors"."author_id" = "authors"."id" GROUP BY "authors"."name" ORDER BY COUNT(authors.name) DESC, "authors"."name" ASC[0m
  ↳ app/helpers/application_helper.rb:205:in `block in render_popular'
  [1m[35mCACHE  (0.1ms)[0m  [1m[34mSELECT COUNT(*) AS count_all, "authors"."name" AS authors_name FROM "authors" INNER JOIN "favorite_authors" ON "favorite_authors"."author_id" = "authors"."id" GROUP BY "authors"."name" ORDER BY COUNT(authors.name) DESC, "authors"."name" ASC[0m
  ↳ app/helpers/application_helper.rb:205:in `block in render_popular'
  [1m[35mCACHE  (0.1ms)[0m  [1m[34mSELECT COUNT(*) AS count_all, "authors"."name" AS authors_name FROM "authors" INNER JOIN "favorite_authors" ON "favorite_authors"."author_id" = "authors"."id" GROUP BY "authors"."name" ORDER BY COUNT(authors.name) DESC, "authors"."name" ASC[0m
  ↳ app/helpers/application_helper.rb:205:in `block in render_popular'
  [1m[35mCACHE  (0.1ms)[0m  [1m[34mSELECT COUNT(*) AS count_all, "authors"."name" AS authors_name FROM "authors" INNER JOIN "favorite_authors" ON "favorite_authors"."author_id" = "authors"."id" GROUP BY "authors"."name" ORDER BY COUNT(authors.name) DESC, "authors"."name" ASC[0m
  ↳ app/helpers/application_helper.rb:205:in `block in render_popular'
  [1m[35mCACHE  (0.1ms)[0m  [1m[34mSELECT COUNT(*) AS count_all, "authors"."name" AS authors_name FROM "authors" INNER JOIN "favorite_authors" ON "favorite_authors"."author_id" = "authors"."id" GROUP BY "authors"."name" ORDER BY COUNT(authors.name) DESC, "authors"."name" ASC[0m
  ↳ app/helpers/application_helper.rb:205:in `block in render_popular'
  [1m[35mCACHE  (0.1ms)[0m  [1m[34mSELECT COUNT(*) AS count_all, "authors"."name" AS authors_name FROM "authors" INNER JOIN "favorite_authors" ON "favorite_authors"."author_id" = "authors"."id" GROUP BY "authors"."name" ORDER BY COUNT(authors.name) DESC, "authors"."name" ASC[0m
  ↳ app/helpers/application_helper.rb:205:in `block in render_popular'
  [1m[35mCACHE  (0.1ms)[0m  [1m[34mSELECT COUNT(*) AS count_all, "authors"."name" AS authors_name FROM "authors" INNER JOIN "favorite_authors" ON "favorite_authors"."author_id" = "authors"."id" GROUP BY "authors"."name" ORDER BY COUNT(authors.name) DESC, "authors"."name" ASC[0m
  ↳ app/helpers/application_helper.rb:205:in `block in render_popular'
  Rendered partials/_popular.html.erb (Duration: 118.4ms | Allocations: 17883)
  Rendered authors/popular.html.erb within layouts/application (Duration: 128.5ms | Allocations: 18329)
[Webpacker] Everything's up-to-date. Nothing to do
  [1m[36mUser Load (0.7ms)[0m  [1m[34mSELECT "users".* FROM "users" WHERE "users"."id" = ? LIMIT ?[0m  [["id", 6], ["LIMIT", 1]]
  ↳ app/helpers/application_helper.rb:191:in `profile'
Completed 200 OK in 181ms (Views: 164.6ms | ActiveRecord: 5.2ms | Allocations: 23780)


Started GET "/books/popular" for ::1 at 2020-08-04 02:54:57 -0600
Processing by BooksController#popular as HTML
  Rendering books/popular.html.erb within layouts/application
  [1m[36mBook Load (1.3ms)[0m  [1m[34mSELECT "books".* FROM "books" INNER JOIN "favorite_books" ON "favorite_books"."book_id" = "books"."id" GROUP BY "books"."name" ORDER BY COUNT(books.name) DESC, "books"."name" ASC[0m
  ↳ app/helpers/application_helper.rb:204:in `render_popular'
  [1m[35m (1.2ms)[0m  [1m[34mSELECT COUNT(*) AS count_all, "books"."name" AS books_name FROM "books" INNER JOIN "favorite_books" ON "favorite_books"."book_id" = "books"."id" GROUP BY "books"."name" ORDER BY COUNT(books.name) DESC, "books"."name" ASC[0m
  ↳ app/helpers/application_helper.rb:205:in `block in render_popular'
  [1m[35mCACHE  (0.1ms)[0m  [1m[34mSELECT COUNT(*) AS count_all, "books"."name" AS books_name FROM "books" INNER JOIN "favorite_books" ON "favorite_books"."book_id" = "books"."id" GROUP BY "books"."name" ORDER BY COUNT(books.name) DESC, "books"."name" ASC[0m
  ↳ app/helpers/application_helper.rb:205:in `block in render_popular'
  [1m[35mCACHE  (0.1ms)[0m  [1m[34mSELECT COUNT(*) AS count_all, "books"."name" AS books_name FROM "books" INNER JOIN "favorite_books" ON "favorite_books"."book_id" = "books"."id" GROUP BY "books"."name" ORDER BY COUNT(books.name) DESC, "books"."name" ASC[0m
  ↳ app/helpers/application_helper.rb:205:in `block in render_popular'
  [1m[35mCACHE  (0.1ms)[0m  [1m[34mSELECT COUNT(*) AS count_all, "books"."name" AS books_name FROM "books" INNER JOIN "favorite_books" ON "favorite_books"."book_id" = "books"."id" GROUP BY "books"."name" ORDER BY COUNT(books.name) DESC, "books"."name" ASC[0m
  ↳ app/helpers/application_helper.rb:205:in `block in render_popular'
  [1m[35mCACHE  (0.1ms)[0m  [1m[34mSELECT COUNT(*) AS count_all, "books"."name" AS books_name FROM "books" INNER JOIN "favorite_books" ON "favorite_books"."book_id" = "books"."id" GROUP BY "books"."name" ORDER BY COUNT(books.name) DESC, "books"."name" ASC[0m
  ↳ app/helpers/application_helper.rb:205:in `block in render_popular'
  [1m[35mCACHE  (0.1ms)[0m  [1m[34mSELECT COUNT(*) AS count_all, "books"."name" AS books_name FROM "books" INNER JOIN "favorite_books" ON "favorite_books"."book_id" = "books"."id" GROUP BY "books"."name" ORDER BY COUNT(books.name) DESC, "books"."name" ASC[0m
  ↳ app/helpers/application_helper.rb:205:in `block in render_popular'
  [1m[35mCACHE  (0.1ms)[0m  [1m[34mSELECT COUNT(*) AS count_all, "books"."name" AS books_name FROM "books" INNER JOIN "favorite_books" ON "favorite_books"."book_id" = "books"."id" GROUP BY "books"."name" ORDER BY COUNT(books.name) DESC, "books"."name" ASC[0m
  ↳ app/helpers/application_helper.rb:205:in `block in render_popular'
  [1m[35mCACHE  (0.1ms)[0m  [1m[34mSELECT COUNT(*) AS count_all, "books"."name" AS books_name FROM "books" INNER JOIN "favorite_books" ON "favorite_books"."book_id" = "books"."id" GROUP BY "books"."name" ORDER BY COUNT(books.name) DESC, "books"."name" ASC[0m
  ↳ app/helpers/application_helper.rb:205:in `block in render_popular'
  Rendered partials/_popular.html.erb (Duration: 64.4ms | Allocations: 8116)
  Rendered books/popular.html.erb within layouts/application (Duration: 68.4ms | Allocations: 8422)
[Webpacker] Everything's up-to-date. Nothing to do
  [1m[36mUser Load (0.8ms)[0m  [1m[34mSELECT "users".* FROM "users" WHERE "users"."id" = ? LIMIT ?[0m  [["id", 6], ["LIMIT", 1]]
  ↳ app/helpers/application_helper.rb:191:in `profile'
Completed 200 OK in 111ms (Views: 102.6ms | ActiveRecord: 3.8ms | Allocations: 13950)


Started GET "/genres/popular" for ::1 at 2020-08-04 02:55:03 -0600
Processing by GenresController#popular as HTML
  Rendering genres/popular.html.erb within layouts/application
  [1m[36mGenre Load (1.4ms)[0m  [1m[34mSELECT "genres".* FROM "genres" INNER JOIN "favorite_genres" ON "favorite_genres"."genre_id" = "genres"."id" GROUP BY "genres"."name" ORDER BY COUNT(genres.name) DESC, "genres"."name" ASC[0m
  ↳ app/helpers/application_helper.rb:204:in `render_popular'
  [1m[35m (1.0ms)[0m  [1m[34mSELECT COUNT(*) AS count_all, "genres"."name" AS genres_name FROM "genres" INNER JOIN "favorite_genres" ON "favorite_genres"."genre_id" = "genres"."id" GROUP BY "genres"."name" ORDER BY COUNT(genres.name) DESC, "genres"."name" ASC[0m
  ↳ app/helpers/application_helper.rb:205:in `block in render_popular'
  [1m[35mCACHE  (0.1ms)[0m  [1m[34mSELECT COUNT(*) AS count_all, "genres"."name" AS genres_name FROM "genres" INNER JOIN "favorite_genres" ON "favorite_genres"."genre_id" = "genres"."id" GROUP BY "genres"."name" ORDER BY COUNT(genres.name) DESC, "genres"."name" ASC[0m
  ↳ app/helpers/application_helper.rb:205:in `block in render_popular'
  [1m[35mCACHE  (0.1ms)[0m  [1m[34mSELECT COUNT(*) AS count_all, "genres"."name" AS genres_name FROM "genres" INNER JOIN "favorite_genres" ON "favorite_genres"."genre_id" = "genres"."id" GROUP BY "genres"."name" ORDER BY COUNT(genres.name) DESC, "genres"."name" ASC[0m
  ↳ app/helpers/application_helper.rb:205:in `block in render_popular'
  [1m[35mCACHE  (0.1ms)[0m  [1m[34mSELECT COUNT(*) AS count_all, "genres"."name" AS genres_name FROM "genres" INNER JOIN "favorite_genres" ON "favorite_genres"."genre_id" = "genres"."id" GROUP BY "genres"."name" ORDER BY COUNT(genres.name) DESC, "genres"."name" ASC[0m
  ↳ app/helpers/application_helper.rb:205:in `block in render_popular'
  [1m[35mCACHE  (0.1ms)[0m  [1m[34mSELECT COUNT(*) AS count_all, "genres"."name" AS genres_name FROM "genres" INNER JOIN "favorite_genres" ON "favorite_genres"."genre_id" = "genres"."id" GROUP BY "genres"."name" ORDER BY COUNT(genres.name) DESC, "genres"."name" ASC[0m
  ↳ app/helpers/application_helper.rb:205:in `block in render_popular'
  [1m[35mCACHE  (0.1ms)[0m  [1m[34mSELECT COUNT(*) AS count_all, "genres"."name" AS genres_name FROM "genres" INNER JOIN "favorite_genres" ON "favorite_genres"."genre_id" = "genres"."id" GROUP BY "genres"."name" ORDER BY COUNT(genres.name) DESC, "genres"."name" ASC[0m
  ↳ app/helpers/application_helper.rb:205:in `block in render_popular'
  [1m[35mCACHE  (0.1ms)[0m  [1m[34mSELECT COUNT(*) AS count_all, "genres"."name" AS genres_name FROM "genres" INNER JOIN "favorite_genres" ON "favorite_genres"."genre_id" = "genres"."id" GROUP BY "genres"."name" ORDER BY COUNT(genres.name) DESC, "genres"."name" ASC[0m
  ↳ app/helpers/application_helper.rb:205:in `block in render_popular'
  Rendered partials/_popular.html.erb (Duration: 58.9ms | Allocations: 7142)
  Rendered genres/popular.html.erb within layouts/application (Duration: 69.8ms | Allocations: 7449)
[Webpacker] Everything's up-to-date. Nothing to do
  [1m[36mUser Load (0.6ms)[0m  [1m[34mSELECT "users".* FROM "users" WHERE "users"."id" = ? LIMIT ?[0m  [["id", 6], ["LIMIT", 1]]
  ↳ app/helpers/application_helper.rb:191:in `profile'
Completed 200 OK in 107ms (Views: 99.9ms | ActiveRecord: 3.5ms | Allocations: 12547)


Started GET "/logout" for ::1 at 2020-08-04 02:55:09 -0600
Processing by SessionsController#logout as HTML
  Rendering sessions/logout.html.erb within layouts/application
  Rendered sessions/logout.html.erb within layouts/application (Duration: 5.9ms | Allocations: 87)
[Webpacker] Everything's up-to-date. Nothing to do
  [1m[36mUser Load (0.7ms)[0m  [1m[34mSELECT "users".* FROM "users" WHERE "users"."id" = ? LIMIT ?[0m  [["id", 6], ["LIMIT", 1]]
  ↳ app/helpers/application_helper.rb:191:in `profile'
  [1m[36mCACHE User Load (0.1ms)[0m  [1m[34mSELECT "users".* FROM "users" WHERE "users"."id" = ? LIMIT ?[0m  [["id", 6], ["LIMIT", 1]]
  ↳ app/helpers/application_helper.rb:150:in `logout_button'
Completed 200 OK in 61ms (Views: 55.5ms | ActiveRecord: 0.8ms | Allocations: 6287)


Started POST "/logout" for ::1 at 2020-08-04 02:55:42 -0600
Processing by SessionsController#destroy as HTML
  Parameters: {"authenticity_token"=>"28YapHSaqsgPXwLsqiIUR+2DWdABzIUhQfRVbrJVK6tdm53FLg0E4cLbQMfvfsZdpQ0+wJxa91QLtymCfEC7vg=="}
Redirected to http://localhost:3000/
Completed 302 Found in 5ms (ActiveRecord: 0.0ms | Allocations: 398)


Started GET "/" for ::1 at 2020-08-04 02:55:42 -0600
Processing by ApplicationController#welcome as HTML
  Rendering application/welcome.html.erb within layouts/application
  Rendered sessions/_oauth.html.erb (Duration: 1.8ms | Allocations: 89)
  Rendered application/welcome.html.erb within layouts/application (Duration: 7.0ms | Allocations: 520)
[Webpacker] Everything's up-to-date. Nothing to do
Completed 200 OK in 41ms (Views: 36.4ms | ActiveRecord: 0.0ms | Allocations: 4951)


Started GET "/authors/popular" for ::1 at 2020-08-04 02:55:46 -0600
Processing by AuthorsController#popular as HTML
Redirected to http://localhost:3000/
Filter chain halted as :login_required rendered or redirected
Completed 302 Found in 5ms (ActiveRecord: 0.0ms | Allocations: 386)


Started GET "/" for ::1 at 2020-08-04 02:55:46 -0600
Processing by ApplicationController#welcome as HTML
  Rendering application/welcome.html.erb within layouts/application
  Rendered sessions/_oauth.html.erb (Duration: 0.3ms | Allocations: 6)
  Rendered application/welcome.html.erb within layouts/application (Duration: 2.1ms | Allocations: 157)
[Webpacker] Everything's up-to-date. Nothing to do
Completed 200 OK in 31ms (Views: 27.6ms | ActiveRecord: 0.0ms | Allocations: 4332)


Started GET "/books/popular" for ::1 at 2020-08-04 02:55:48 -0600
Processing by BooksController#popular as HTML
Redirected to http://localhost:3000/
Filter chain halted as :login_required rendered or redirected
Completed 302 Found in 5ms (ActiveRecord: 0.0ms | Allocations: 389)


Started GET "/" for ::1 at 2020-08-04 02:55:48 -0600
Processing by ApplicationController#welcome as HTML
  Rendering application/welcome.html.erb within layouts/application
  Rendered sessions/_oauth.html.erb (Duration: 0.1ms | Allocations: 6)
  Rendered application/welcome.html.erb within layouts/application (Duration: 1.7ms | Allocations: 154)
[Webpacker] Everything's up-to-date. Nothing to do
Completed 200 OK in 30ms (Views: 27.5ms | ActiveRecord: 0.0ms | Allocations: 4318)


Started GET "/genres/popular" for ::1 at 2020-08-04 02:55:49 -0600
Processing by GenresController#popular as HTML
Redirected to http://localhost:3000/
Filter chain halted as :login_required rendered or redirected
Completed 302 Found in 5ms (ActiveRecord: 0.0ms | Allocations: 387)


Started GET "/" for ::1 at 2020-08-04 02:55:49 -0600
Processing by ApplicationController#welcome as HTML
  Rendering application/welcome.html.erb within layouts/application
  Rendered sessions/_oauth.html.erb (Duration: 0.2ms | Allocations: 6)
  Rendered application/welcome.html.erb within layouts/application (Duration: 2.0ms | Allocations: 154)
[Webpacker] Everything's up-to-date. Nothing to do
Completed 200 OK in 31ms (Views: 28.6ms | ActiveRecord: 0.0ms | Allocations: 4318)


Started GET "/" for ::1 at 2020-08-04 02:57:29 -0600
  [1m[35m (0.5ms)[0m  [1m[34mSELECT sqlite_version(*)[0m
Processing by ApplicationController#welcome as HTML
  Rendering application/welcome.html.erb within layouts/application
  Rendered sessions/_oauth.html.erb (Duration: 0.2ms | Allocations: 6)
  Rendered application/welcome.html.erb within layouts/application (Duration: 2.2ms | Allocations: 162)
[Webpacker] Everything's up-to-date. Nothing to do
Completed 200 OK in 37ms (Views: 33.8ms | ActiveRecord: 0.0ms | Allocations: 4471)


Started GET "/authors/popular" for ::1 at 2020-08-04 02:57:32 -0600
Processing by AuthorsController#popular as HTML
  Rendering authors/popular.html.erb within layouts/application
  [1m[36mAuthor Load (1.1ms)[0m  [1m[34mSELECT "authors".* FROM "authors" INNER JOIN "favorite_authors" ON "favorite_authors"."author_id" = "authors"."id" GROUP BY "authors"."name" ORDER BY COUNT(authors.name) DESC, "authors"."name" ASC[0m
  ↳ app/helpers/application_helper.rb:204:in `render_popular'
  [1m[35m (0.9ms)[0m  [1m[34mSELECT COUNT(*) AS count_all, "authors"."name" AS authors_name FROM "authors" INNER JOIN "favorite_authors" ON "favorite_authors"."author_id" = "authors"."id" GROUP BY "authors"."name" ORDER BY COUNT(authors.name) DESC, "authors"."name" ASC[0m
  ↳ app/helpers/application_helper.rb:205:in `block in render_popular'
  [1m[35mCACHE  (0.1ms)[0m  [1m[34mSELECT COUNT(*) AS count_all, "authors"."name" AS authors_name FROM "authors" INNER JOIN "favorite_authors" ON "favorite_authors"."author_id" = "authors"."id" GROUP BY "authors"."name" ORDER BY COUNT(authors.name) DESC, "authors"."name" ASC[0m
  ↳ app/helpers/application_helper.rb:205:in `block in render_popular'
  [1m[35mCACHE  (0.1ms)[0m  [1m[34mSELECT COUNT(*) AS count_all, "authors"."name" AS authors_name FROM "authors" INNER JOIN "favorite_authors" ON "favorite_authors"."author_id" = "authors"."id" GROUP BY "authors"."name" ORDER BY COUNT(authors.name) DESC, "authors"."name" ASC[0m
  ↳ app/helpers/application_helper.rb:205:in `block in render_popular'
  [1m[35mCACHE  (0.1ms)[0m  [1m[34mSELECT COUNT(*) AS count_all, "authors"."name" AS authors_name FROM "authors" INNER JOIN "favorite_authors" ON "favorite_authors"."author_id" = "authors"."id" GROUP BY "authors"."name" ORDER BY COUNT(authors.name) DESC, "authors"."name" ASC[0m
  ↳ app/helpers/application_helper.rb:205:in `block in render_popular'
  [1m[35mCACHE  (0.1ms)[0m  [1m[34mSELECT COUNT(*) AS count_all, "authors"."name" AS authors_name FROM "authors" INNER JOIN "favorite_authors" ON "favorite_authors"."author_id" = "authors"."id" GROUP BY "authors"."name" ORDER BY COUNT(authors.name) DESC, "authors"."name" ASC[0m
  ↳ app/helpers/application_helper.rb:205:in `block in render_popular'
  [1m[35mCACHE  (0.1ms)[0m  [1m[34mSELECT COUNT(*) AS count_all, "authors"."name" AS authors_name FROM "authors" INNER JOIN "favorite_authors" ON "favorite_authors"."author_id" = "authors"."id" GROUP BY "authors"."name" ORDER BY COUNT(authors.name) DESC, "authors"."name" ASC[0m
  ↳ app/helpers/application_helper.rb:205:in `block in render_popular'
  [1m[35mCACHE  (0.1ms)[0m  [1m[34mSELECT COUNT(*) AS count_all, "authors"."name" AS authors_name FROM "authors" INNER JOIN "favorite_authors" ON "favorite_authors"."author_id" = "authors"."id" GROUP BY "authors"."name" ORDER BY COUNT(authors.name) DESC, "authors"."name" ASC[0m
  ↳ app/helpers/application_helper.rb:205:in `block in render_popular'
  [1m[35mCACHE  (0.1ms)[0m  [1m[34mSELECT COUNT(*) AS count_all, "authors"."name" AS authors_name FROM "authors" INNER JOIN "favorite_authors" ON "favorite_authors"."author_id" = "authors"."id" GROUP BY "authors"."name" ORDER BY COUNT(authors.name) DESC, "authors"."name" ASC[0m
  ↳ app/helpers/application_helper.rb:205:in `block in render_popular'
  Rendered partials/_popular.html.erb (Duration: 105.9ms | Allocations: 12329)
  Rendered authors/popular.html.erb within layouts/application (Duration: 146.8ms | Allocations: 16790)
[Webpacker] Everything's up-to-date. Nothing to do
  [1m[36mUser Load (3.8ms)[0m  [1m[34mSELECT "users".* FROM "users" WHERE "users"."id" IS NULL LIMIT ?[0m  [["LIMIT", 1]]
  ↳ app/helpers/application_helper.rb:191:in `profile'
Completed 200 OK in 217ms (Views: 202.0ms | ActiveRecord: 11.8ms | Allocations: 26464)


Started GET "/" for ::1 at 2020-08-05 14:14:07 -0600
  [1m[35m (2.1ms)[0m  [1m[34mSELECT sqlite_version(*)[0m
  [1m[35m (0.3ms)[0m  [1m[34mSELECT "schema_migrations"."version" FROM "schema_migrations" ORDER BY "schema_migrations"."version" ASC[0m
Processing by ApplicationController#welcome as HTML
  Rendering application/welcome.html.erb within layouts/application
  Rendered sessions/_oauth.html.erb (Duration: 0.3ms | Allocations: 89)
  Rendered application/welcome.html.erb within layouts/application (Duration: 2.5ms | Allocations: 815)
[Webpacker] Everything's up-to-date. Nothing to do
Completed 200 OK in 58ms (Views: 51.5ms | ActiveRecord: 0.0ms | Allocations: 10735)


Started GET "/auth/github" for ::1 at 2020-08-05 14:14:13 -0600
Started GET "/auth/github" for ::1 at 2020-08-05 14:14:13 -0600
Started GET "/auth/github/callback?code=ad14b703948777bad5e2&state=5737ae0665e80d1fad3bb74c9271b948d623c5366fe1958f" for ::1 at 2020-08-05 14:14:13 -0600
Processing by SessionsController#create as HTML
  Parameters: {"code"=>"ad14b703948777bad5e2", "state"=>"5737ae0665e80d1fad3bb74c9271b948d623c5366fe1958f", "provider"=>"github"}
  [1m[36mUser Load (0.3ms)[0m  [1m[34mSELECT "users".* FROM "users" WHERE "users"."name" = ? AND "users"."email" = ? LIMIT ?[0m  [["name", "Steven Riggs"], ["email", "sfriggs21@gmail.com"], ["LIMIT", 1]]
  ↳ app/models/user.rb:21:in `find_or_create_by_auth_hash'
Redirected to http://localhost:3000/users/6
Completed 302 Found in 25ms (ActiveRecord: 2.0ms | Allocations: 12438)


Started GET "/users/6" for ::1 at 2020-08-05 14:14:14 -0600
Processing by UsersController#show as HTML
  Parameters: {"id"=>"6"}
  [1m[36mUser Load (0.4ms)[0m  [1m[34mSELECT "users".* FROM "users" WHERE "users"."id" = ? LIMIT ?[0m  [["id", 6], ["LIMIT", 1]]
  ↳ app/controllers/application_controller.rb:55:in `show'
  Rendering users/show.html.erb within layouts/application
  [1m[36mBook Exists? (0.3ms)[0m  [1m[34mSELECT 1 AS one FROM "books" INNER JOIN "favorite_books" ON "books"."id" = "favorite_books"."book_id" WHERE "favorite_books"."user_id" = ? LIMIT ?[0m  [["user_id", 6], ["LIMIT", 1]]
  ↳ app/helpers/users_helper.rb:41:in `favorites'
  [1m[36mAuthor Exists? (0.4ms)[0m  [1m[34mSELECT 1 AS one FROM "authors" INNER JOIN "favorite_authors" ON "authors"."id" = "favorite_authors"."author_id" WHERE "favorite_authors"."user_id" = ? LIMIT ?[0m  [["user_id", 6], ["LIMIT", 1]]
  ↳ app/helpers/users_helper.rb:41:in `favorites'
  [1m[36mGenre Exists? (0.2ms)[0m  [1m[34mSELECT 1 AS one FROM "genres" INNER JOIN "favorite_genres" ON "genres"."id" = "favorite_genres"."genre_id" WHERE "favorite_genres"."user_id" = ? LIMIT ?[0m  [["user_id", 6], ["LIMIT", 1]]
  ↳ app/helpers/users_helper.rb:41:in `favorites'
  Rendered users/show.html.erb within layouts/application (Duration: 58.0ms | Allocations: 31695)
[Webpacker] Everything's up-to-date. Nothing to do
  [1m[36mUser Load (0.4ms)[0m  [1m[34mSELECT "users".* FROM "users" WHERE "users"."id" = ? LIMIT ?[0m  [["id", 6], ["LIMIT", 1]]
  ↳ app/helpers/application_helper.rb:191:in `profile'
Completed 200 OK in 84ms (Views: 73.2ms | ActiveRecord: 6.0ms | Allocations: 38055)


Started GET "/users/6/authors" for ::1 at 2020-08-05 14:14:18 -0600
  
SyntaxError (/mnt/c/Users/fmvjo/dev/flatiron/labs/rails-assessment-onl01-seng-pt-021020/yeti/app/controllers/authors_controller.rb:2: syntax error, unexpected keyword_do_block, expecting ']'
...red, except: [:object_params do
...                             ^~
/mnt/c/Users/fmvjo/dev/flatiron/labs/rails-assessment-onl01-seng-pt-021020/yeti/app/controllers/authors_controller.rb:14: syntax error, unexpected keyword_end, expecting end-of-input):
  
app/controllers/authors_controller.rb:2: syntax error, unexpected keyword_do_block, expecting ']'
app/controllers/authors_controller.rb:14: syntax error, unexpected keyword_end, expecting end-of-input
app/controllers/authors_controller.rb:2: syntax error, unexpected keyword_do_block, expecting ']'
app/controllers/authors_controller.rb:14: syntax error, unexpected keyword_end, expecting end-of-input
app/controllers/authors_controller.rb:2: syntax error, unexpected keyword_do_block, expecting ']'
app/controllers/authors_controller.rb:14: syntax error, unexpected keyword_end, expecting end-of-input
Started GET "/users/6/authors" for ::1 at 2020-08-05 14:15:20 -0600
  [1m[35m (0.1ms)[0m  [1m[34mSELECT sqlite_version(*)[0m
Processing by AuthorsController#index as HTML
  Parameters: {"user_id"=>"6"}
  Rendering authors/index.html.erb within layouts/application
  [1m[36mAuthor Exists? (0.2ms)[0m  [1m[34mSELECT 1 AS one FROM "authors" LIMIT ?[0m  [["LIMIT", 1]]
  ↳ app/helpers/application_helper.rb:113:in `index'
  [1m[36mAuthor Load (0.3ms)[0m  [1m[34mSELECT "authors".* FROM "authors"[0m
  ↳ app/helpers/application_helper.rb:115:in `index'
  [1m[36mUser Load (0.2ms)[0m  [1m[34mSELECT "users".* FROM "users" WHERE "users"."id" = ? LIMIT ?[0m  [["id", 6], ["LIMIT", 1]]
  ↳ app/helpers/application_helper.rb:117:in `index'
  [1m[36mAuthor Exists? (0.2ms)[0m  [1m[34mSELECT 1 AS one FROM "authors" INNER JOIN "favorite_authors" ON "authors"."id" = "favorite_authors"."author_id" WHERE "favorite_authors"."user_id" = ? AND "authors"."id" = ? LIMIT ?[0m  [["user_id", 6], ["id", 1], ["LIMIT", 1]]
  ↳ app/helpers/application_helper.rb:217:in `favorite_button'
  [1m[36mAuthor Exists? (0.4ms)[0m  [1m[34mSELECT 1 AS one FROM "authors" INNER JOIN "favorite_authors" ON "authors"."id" = "favorite_authors"."author_id" WHERE "favorite_authors"."user_id" = ? AND "authors"."id" = ? LIMIT ?[0m  [["user_id", 6], ["id", 2], ["LIMIT", 1]]
  ↳ app/helpers/application_helper.rb:217:in `favorite_button'
  [1m[36mAuthor Exists? (0.6ms)[0m  [1m[34mSELECT 1 AS one FROM "authors" INNER JOIN "favorite_authors" ON "authors"."id" = "favorite_authors"."author_id" WHERE "favorite_authors"."user_id" = ? AND "authors"."id" = ? LIMIT ?[0m  [["user_id", 6], ["id", 3], ["LIMIT", 1]]
  ↳ app/helpers/application_helper.rb:217:in `favorite_button'
  [1m[36mAuthor Exists? (0.3ms)[0m  [1m[34mSELECT 1 AS one FROM "authors" INNER JOIN "favorite_authors" ON "authors"."id" = "favorite_authors"."author_id" WHERE "favorite_authors"."user_id" = ? AND "authors"."id" = ? LIMIT ?[0m  [["user_id", 6], ["id", 4], ["LIMIT", 1]]
  ↳ app/helpers/application_helper.rb:217:in `favorite_button'
  [1m[36mAuthor Exists? (0.4ms)[0m  [1m[34mSELECT 1 AS one FROM "authors" INNER JOIN "favorite_authors" ON "authors"."id" = "favorite_authors"."author_id" WHERE "favorite_authors"."user_id" = ? AND "authors"."id" = ? LIMIT ?[0m  [["user_id", 6], ["id", 5], ["LIMIT", 1]]
  ↳ app/helpers/application_helper.rb:217:in `favorite_button'
  [1m[36mAuthor Exists? (0.3ms)[0m  [1m[34mSELECT 1 AS one FROM "authors" INNER JOIN "favorite_authors" ON "authors"."id" = "favorite_authors"."author_id" WHERE "favorite_authors"."user_id" = ? AND "authors"."id" = ? LIMIT ?[0m  [["user_id", 6], ["id", 6], ["LIMIT", 1]]
  ↳ app/helpers/application_helper.rb:217:in `favorite_button'
  [1m[36mAuthor Exists? (0.3ms)[0m  [1m[34mSELECT 1 AS one FROM "authors" INNER JOIN "favorite_authors" ON "authors"."id" = "favorite_authors"."author_id" WHERE "favorite_authors"."user_id" = ? AND "authors"."id" = ? LIMIT ?[0m  [["user_id", 6], ["id", 7], ["LIMIT", 1]]
  ↳ app/helpers/application_helper.rb:217:in `favorite_button'
  [1m[36mAuthor Exists? (0.3ms)[0m  [1m[34mSELECT 1 AS one FROM "authors" INNER JOIN "favorite_authors" ON "authors"."id" = "favorite_authors"."author_id" WHERE "favorite_authors"."user_id" = ? AND "authors"."id" = ? LIMIT ?[0m  [["user_id", 6], ["id", 8], ["LIMIT", 1]]
  ↳ app/helpers/application_helper.rb:217:in `favorite_button'
  [1m[36mAuthor Exists? (0.3ms)[0m  [1m[34mSELECT 1 AS one FROM "authors" INNER JOIN "favorite_authors" ON "authors"."id" = "favorite_authors"."author_id" WHERE "favorite_authors"."user_id" = ? AND "authors"."id" = ? LIMIT ?[0m  [["user_id", 6], ["id", 9], ["LIMIT", 1]]
  ↳ app/helpers/application_helper.rb:217:in `favorite_button'
  [1m[36mAuthor Exists? (0.4ms)[0m  [1m[34mSELECT 1 AS one FROM "authors" INNER JOIN "favorite_authors" ON "authors"."id" = "favorite_authors"."author_id" WHERE "favorite_authors"."user_id" = ? AND "authors"."id" = ? LIMIT ?[0m  [["user_id", 6], ["id", 10], ["LIMIT", 1]]
  ↳ app/helpers/application_helper.rb:217:in `favorite_button'
  Rendered partials/_index.html.erb (Duration: 93.3ms | Allocations: 28828)
  Rendered authors/index.html.erb within layouts/application (Duration: 94.7ms | Allocations: 29157)
[Webpacker] Everything's up-to-date. Nothing to do
  [1m[36mCACHE User Load (0.0ms)[0m  [1m[34mSELECT "users".* FROM "users" WHERE "users"."id" = ? LIMIT ?[0m  [["id", 6], ["LIMIT", 1]]
  ↳ app/helpers/application_helper.rb:191:in `profile'
Completed 200 OK in 122ms (Views: 108.0ms | ActiveRecord: 7.2ms | Allocations: 38717)


Started GET "/users/6/authors/new" for ::1 at 2020-08-05 14:15:25 -0600
Processing by AuthorsController#new as HTML
  Parameters: {"user_id"=>"6"}
  Rendering authors/new.html.erb within layouts/application
  [1m[36mBook Load (0.3ms)[0m  [1m[34mSELECT "books".* FROM "books"[0m
  ↳ app/views/authors/_new_or_edit.html.erb:9
  Rendered authors/_new_or_edit.html.erb (Duration: 39.5ms | Allocations: 17856)
  Rendered authors/new.html.erb within layouts/application (Duration: 44.1ms | Allocations: 18181)
[Webpacker] Everything's up-to-date. Nothing to do
  [1m[36mUser Load (0.2ms)[0m  [1m[34mSELECT "users".* FROM "users" WHERE "users"."id" = ? LIMIT ?[0m  [["id", 6], ["LIMIT", 1]]
  ↳ app/helpers/application_helper.rb:191:in `profile'
Completed 200 OK in 66ms (Views: 61.7ms | ActiveRecord: 2.5ms | Allocations: 23294)


Started POST "/authors" for ::1 at 2020-08-05 14:15:50 -0600
Processing by AuthorsController#create as HTML
  Parameters: {"authenticity_token"=>"o1h4HIwxnWjErSM830IJJb2RL2teBAhm1QR+3ytR7eaik0YUMC8cW/8ErkPPBmbIzxOnKHTrGGfeCLcSrVnF8g==", "author"=>{"name"=>"Hengry Know", "book_ids"=>["", "1", "2", "3"], "books_attributes"=>{"0"=>{"name"=>"New Book"}}}, "commit"=>"Create Author"}
  [1m[36mBook Load (0.5ms)[0m  [1m[34mSELECT "books".* FROM "books" WHERE "books"."id" IN (?, ?, ?)[0m  [["id", 1], ["id", 2], ["id", 3]]
  ↳ app/controllers/application_controller.rb:10:in `create'
  [1m[35m (0.1ms)[0m  [1m[36mbegin transaction[0m
  ↳ app/controllers/application_controller.rb:11:in `create'
  [1m[36mAuthor Create (49.9ms)[0m  [1m[32mINSERT INTO "authors" ("name", "created_at", "updated_at") VALUES (?, ?, ?)[0m  [["name", "Hengry Know"], ["created_at", "2020-08-05 20:15:50.906641"], ["updated_at", "2020-08-05 20:15:50.906641"]]
  ↳ app/controllers/application_controller.rb:11:in `create'
  [1m[36mAuthorBook Create (0.2ms)[0m  [1m[32mINSERT INTO "author_books" ("author_id", "book_id", "created_at", "updated_at") VALUES (?, ?, ?, ?)[0m  [["author_id", 11], ["book_id", 1], ["created_at", "2020-08-05 20:15:50.966250"], ["updated_at", "2020-08-05 20:15:50.966250"]]
  ↳ app/controllers/application_controller.rb:11:in `create'
  [1m[36mAuthorBook Create (0.1ms)[0m  [1m[32mINSERT INTO "author_books" ("author_id", "book_id", "created_at", "updated_at") VALUES (?, ?, ?, ?)[0m  [["author_id", 11], ["book_id", 2], ["created_at", "2020-08-05 20:15:50.970160"], ["updated_at", "2020-08-05 20:15:50.970160"]]
  ↳ app/controllers/application_controller.rb:11:in `create'
  [1m[36mAuthorBook Create (0.2ms)[0m  [1m[32mINSERT INTO "author_books" ("author_id", "book_id", "created_at", "updated_at") VALUES (?, ?, ?, ?)[0m  [["author_id", 11], ["book_id", 3], ["created_at", "2020-08-05 20:15:50.974979"], ["updated_at", "2020-08-05 20:15:50.974979"]]
  ↳ app/controllers/application_controller.rb:11:in `create'
  [1m[36mBook Create (0.2ms)[0m  [1m[32mINSERT INTO "books" ("created_at", "updated_at", "name") VALUES (?, ?, ?)[0m  [["created_at", "2020-08-05 20:15:50.980512"], ["updated_at", "2020-08-05 20:15:50.980512"], ["name", "New Book"]]
  ↳ app/controllers/application_controller.rb:11:in `create'
  [1m[36mAuthorBook Create (0.1ms)[0m  [1m[32mINSERT INTO "author_books" ("author_id", "book_id", "created_at", "updated_at") VALUES (?, ?, ?, ?)[0m  [["author_id", 11], ["book_id", 12], ["created_at", "2020-08-05 20:15:50.985406"], ["updated_at", "2020-08-05 20:15:50.985406"]]
  ↳ app/controllers/application_controller.rb:11:in `create'
  [1m[35m (4.0ms)[0m  [1m[36mcommit transaction[0m
  ↳ app/controllers/application_controller.rb:11:in `create'
Redirected to http://localhost:3000/authors
Completed 302 Found in 106ms (ActiveRecord: 56.1ms | Allocations: 21167)


Started GET "/authors" for ::1 at 2020-08-05 14:15:51 -0600
Processing by AuthorsController#index as HTML
  Rendering authors/index.html.erb within layouts/application
  [1m[36mAuthor Exists? (0.3ms)[0m  [1m[34mSELECT 1 AS one FROM "authors" LIMIT ?[0m  [["LIMIT", 1]]
  ↳ app/helpers/application_helper.rb:113:in `index'
  [1m[36mAuthor Load (0.3ms)[0m  [1m[34mSELECT "authors".* FROM "authors"[0m
  ↳ app/helpers/application_helper.rb:115:in `index'
  [1m[36mUser Load (0.2ms)[0m  [1m[34mSELECT "users".* FROM "users" WHERE "users"."id" = ? LIMIT ?[0m  [["id", 6], ["LIMIT", 1]]
  ↳ app/helpers/application_helper.rb:117:in `index'
  [1m[36mAuthor Exists? (0.3ms)[0m  [1m[34mSELECT 1 AS one FROM "authors" INNER JOIN "favorite_authors" ON "authors"."id" = "favorite_authors"."author_id" WHERE "favorite_authors"."user_id" = ? AND "authors"."id" = ? LIMIT ?[0m  [["user_id", 6], ["id", 1], ["LIMIT", 1]]
  ↳ app/helpers/application_helper.rb:217:in `favorite_button'
  [1m[36mAuthor Exists? (0.4ms)[0m  [1m[34mSELECT 1 AS one FROM "authors" INNER JOIN "favorite_authors" ON "authors"."id" = "favorite_authors"."author_id" WHERE "favorite_authors"."user_id" = ? AND "authors"."id" = ? LIMIT ?[0m  [["user_id", 6], ["id", 2], ["LIMIT", 1]]
  ↳ app/helpers/application_helper.rb:217:in `favorite_button'
  [1m[36mAuthor Exists? (0.3ms)[0m  [1m[34mSELECT 1 AS one FROM "authors" INNER JOIN "favorite_authors" ON "authors"."id" = "favorite_authors"."author_id" WHERE "favorite_authors"."user_id" = ? AND "authors"."id" = ? LIMIT ?[0m  [["user_id", 6], ["id", 3], ["LIMIT", 1]]
  ↳ app/helpers/application_helper.rb:217:in `favorite_button'
  [1m[36mAuthor Exists? (0.3ms)[0m  [1m[34mSELECT 1 AS one FROM "authors" INNER JOIN "favorite_authors" ON "authors"."id" = "favorite_authors"."author_id" WHERE "favorite_authors"."user_id" = ? AND "authors"."id" = ? LIMIT ?[0m  [["user_id", 6], ["id", 4], ["LIMIT", 1]]
  ↳ app/helpers/application_helper.rb:217:in `favorite_button'
  [1m[36mAuthor Exists? (0.3ms)[0m  [1m[34mSELECT 1 AS one FROM "authors" INNER JOIN "favorite_authors" ON "authors"."id" = "favorite_authors"."author_id" WHERE "favorite_authors"."user_id" = ? AND "authors"."id" = ? LIMIT ?[0m  [["user_id", 6], ["id", 5], ["LIMIT", 1]]
  ↳ app/helpers/application_helper.rb:217:in `favorite_button'
  [1m[36mAuthor Exists? (0.4ms)[0m  [1m[34mSELECT 1 AS one FROM "authors" INNER JOIN "favorite_authors" ON "authors"."id" = "favorite_authors"."author_id" WHERE "favorite_authors"."user_id" = ? AND "authors"."id" = ? LIMIT ?[0m  [["user_id", 6], ["id", 6], ["LIMIT", 1]]
  ↳ app/helpers/application_helper.rb:217:in `favorite_button'
  [1m[36mAuthor Exists? (0.4ms)[0m  [1m[34mSELECT 1 AS one FROM "authors" INNER JOIN "favorite_authors" ON "authors"."id" = "favorite_authors"."author_id" WHERE "favorite_authors"."user_id" = ? AND "authors"."id" = ? LIMIT ?[0m  [["user_id", 6], ["id", 7], ["LIMIT", 1]]
  ↳ app/helpers/application_helper.rb:217:in `favorite_button'
  [1m[36mAuthor Exists? (0.6ms)[0m  [1m[34mSELECT 1 AS one FROM "authors" INNER JOIN "favorite_authors" ON "authors"."id" = "favorite_authors"."author_id" WHERE "favorite_authors"."user_id" = ? AND "authors"."id" = ? LIMIT ?[0m  [["user_id", 6], ["id", 8], ["LIMIT", 1]]
  ↳ app/helpers/application_helper.rb:217:in `favorite_button'
  [1m[36mAuthor Exists? (0.3ms)[0m  [1m[34mSELECT 1 AS one FROM "authors" INNER JOIN "favorite_authors" ON "authors"."id" = "favorite_authors"."author_id" WHERE "favorite_authors"."user_id" = ? AND "authors"."id" = ? LIMIT ?[0m  [["user_id", 6], ["id", 9], ["LIMIT", 1]]
  ↳ app/helpers/application_helper.rb:217:in `favorite_button'
  [1m[36mAuthor Exists? (0.4ms)[0m  [1m[34mSELECT 1 AS one FROM "authors" INNER JOIN "favorite_authors" ON "authors"."id" = "favorite_authors"."author_id" WHERE "favorite_authors"."user_id" = ? AND "authors"."id" = ? LIMIT ?[0m  [["user_id", 6], ["id", 10], ["LIMIT", 1]]
  ↳ app/helpers/application_helper.rb:217:in `favorite_button'
  [1m[36mAuthor Exists? (0.3ms)[0m  [1m[34mSELECT 1 AS one FROM "authors" INNER JOIN "favorite_authors" ON "authors"."id" = "favorite_authors"."author_id" WHERE "favorite_authors"."user_id" = ? AND "authors"."id" = ? LIMIT ?[0m  [["user_id", 6], ["id", 11], ["LIMIT", 1]]
  ↳ app/helpers/application_helper.rb:217:in `favorite_button'
  Rendered partials/_index.html.erb (Duration: 79.8ms | Allocations: 14073)
  Rendered authors/index.html.erb within layouts/application (Duration: 82.2ms | Allocations: 14166)
[Webpacker] Everything's up-to-date. Nothing to do
  [1m[36mCACHE User Load (0.0ms)[0m  [1m[34mSELECT "users".* FROM "users" WHERE "users"."id" = ? LIMIT ?[0m  [["id", 6], ["LIMIT", 1]]
  ↳ app/helpers/application_helper.rb:191:in `profile'
Completed 200 OK in 104ms (Views: 98.3ms | ActiveRecord: 4.9ms | Allocations: 19154)


Started GET "/authors/11" for ::1 at 2020-08-05 14:15:56 -0600
Processing by AuthorsController#show as HTML
  Parameters: {"id"=>"11"}
  [1m[36mAuthor Load (0.4ms)[0m  [1m[34mSELECT "authors".* FROM "authors" WHERE "authors"."id" = ? LIMIT ?[0m  [["id", 11], ["LIMIT", 1]]
  ↳ app/controllers/application_controller.rb:55:in `show'
  Rendering authors/show.html.erb within layouts/application
  [1m[36mBook Exists? (0.4ms)[0m  [1m[34mSELECT 1 AS one FROM "books" INNER JOIN "author_books" ON "books"."id" = "author_books"."book_id" WHERE "author_books"."author_id" = ? LIMIT ?[0m  [["author_id", 11], ["LIMIT", 1]]
  ↳ app/helpers/application_helper.rb:73:in `block in display_associations'
  [1m[36mBook Load (0.3ms)[0m  [1m[34mSELECT "books".* FROM "books" INNER JOIN "author_books" ON "books"."id" = "author_books"."book_id" WHERE "author_books"."author_id" = ?[0m  [["author_id", 11]]
  ↳ app/helpers/application_helper.rb:74:in `block in display_associations'
  [1m[36mGenre Exists? (15.9ms)[0m  [1m[34mSELECT 1 AS one FROM "genres" INNER JOIN "book_genres" ON "genres"."id" = "book_genres"."genre_id" INNER JOIN "books" ON "book_genres"."book_id" = "books"."id" INNER JOIN "author_books" ON "books"."id" = "author_books"."book_id" WHERE "author_books"."author_id" = ? LIMIT ?[0m  [["author_id", 11], ["LIMIT", 1]]
  ↳ app/helpers/application_helper.rb:73:in `block in display_associations'
  [1m[36mGenre Load (0.4ms)[0m  [1m[34mSELECT "genres".* FROM "genres" INNER JOIN "book_genres" ON "genres"."id" = "book_genres"."genre_id" INNER JOIN "books" ON "book_genres"."book_id" = "books"."id" INNER JOIN "author_books" ON "books"."id" = "author_books"."book_id" WHERE "author_books"."author_id" = ?[0m  [["author_id", 11]]
  ↳ app/helpers/application_helper.rb:74:in `block in display_associations'
  [1m[36mUser Load (0.2ms)[0m  [1m[34mSELECT "users".* FROM "users" WHERE "users"."id" = ? LIMIT ?[0m  [["id", 6], ["LIMIT", 1]]
  ↳ app/helpers/application_helper.rb:106:in `favorite'
  [1m[36mAuthor Exists? (0.3ms)[0m  [1m[34mSELECT 1 AS one FROM "authors" INNER JOIN "favorite_authors" ON "authors"."id" = "favorite_authors"."author_id" WHERE "favorite_authors"."user_id" = ? AND "authors"."id" = ? LIMIT ?[0m  [["user_id", 6], ["id", 11], ["LIMIT", 1]]
  ↳ app/helpers/application_helper.rb:217:in `favorite_button'
  [1m[36mFavoriteAuthor Load (0.4ms)[0m  [1m[34mSELECT "favorite_authors".* FROM "favorite_authors" WHERE "favorite_authors"."user_id" = ? AND "favorite_authors"."author_id" = ? ORDER BY "favorite_authors"."id" ASC LIMIT ?[0m  [["user_id", 6], ["author_id", 11], ["LIMIT", 1]]
  ↳ app/helpers/application_helper.rb:168:in `notes'
  Rendered partials/_show.html.erb (Duration: 72.8ms | Allocations: 27909)
  Rendered authors/show.html.erb within layouts/application (Duration: 75.8ms | Allocations: 28233)
[Webpacker] Everything's up-to-date. Nothing to do
  [1m[36mCACHE User Load (0.0ms)[0m  [1m[34mSELECT "users".* FROM "users" WHERE "users"."id" = ? LIMIT ?[0m  [["id", 6], ["LIMIT", 1]]
  ↳ app/helpers/application_helper.rb:191:in `profile'
Completed 200 OK in 103ms (Views: 77.1ms | ActiveRecord: 19.9ms | Allocations: 33961)


Started GET "/genres/popular" for ::1 at 2020-08-05 14:18:32 -0600
  [1m[35m (0.1ms)[0m  [1m[34mSELECT sqlite_version(*)[0m
Processing by GenresController#popular as HTML
  Rendering genres/popular.html.erb within layouts/application
  [1m[36mGenre Load (0.2ms)[0m  [1m[34mSELECT "genres".* FROM "genres" INNER JOIN "favorite_genres" ON "favorite_genres"."genre_id" = "genres"."id" GROUP BY "genres"."name" ORDER BY COUNT(genres.name) DESC, "genres"."name" ASC[0m
  ↳ app/helpers/application_helper.rb:204:in `render_popular'
  [1m[35m (0.3ms)[0m  [1m[34mSELECT COUNT(*) AS count_all, "genres"."name" AS genres_name FROM "genres" INNER JOIN "favorite_genres" ON "favorite_genres"."genre_id" = "genres"."id" GROUP BY "genres"."name" ORDER BY COUNT(genres.name) DESC, "genres"."name" ASC[0m
  ↳ app/helpers/application_helper.rb:205:in `block in render_popular'
  [1m[35mCACHE  (0.0ms)[0m  [1m[34mSELECT COUNT(*) AS count_all, "genres"."name" AS genres_name FROM "genres" INNER JOIN "favorite_genres" ON "favorite_genres"."genre_id" = "genres"."id" GROUP BY "genres"."name" ORDER BY COUNT(genres.name) DESC, "genres"."name" ASC[0m
  ↳ app/helpers/application_helper.rb:205:in `block in render_popular'
  [1m[35mCACHE  (0.0ms)[0m  [1m[34mSELECT COUNT(*) AS count_all, "genres"."name" AS genres_name FROM "genres" INNER JOIN "favorite_genres" ON "favorite_genres"."genre_id" = "genres"."id" GROUP BY "genres"."name" ORDER BY COUNT(genres.name) DESC, "genres"."name" ASC[0m
  ↳ app/helpers/application_helper.rb:205:in `block in render_popular'
  [1m[35mCACHE  (0.0ms)[0m  [1m[34mSELECT COUNT(*) AS count_all, "genres"."name" AS genres_name FROM "genres" INNER JOIN "favorite_genres" ON "favorite_genres"."genre_id" = "genres"."id" GROUP BY "genres"."name" ORDER BY COUNT(genres.name) DESC, "genres"."name" ASC[0m
  ↳ app/helpers/application_helper.rb:205:in `block in render_popular'
  [1m[35mCACHE  (0.0ms)[0m  [1m[34mSELECT COUNT(*) AS count_all, "genres"."name" AS genres_name FROM "genres" INNER JOIN "favorite_genres" ON "favorite_genres"."genre_id" = "genres"."id" GROUP BY "genres"."name" ORDER BY COUNT(genres.name) DESC, "genres"."name" ASC[0m
  ↳ app/helpers/application_helper.rb:205:in `block in render_popular'
  [1m[35mCACHE  (0.0ms)[0m  [1m[34mSELECT COUNT(*) AS count_all, "genres"."name" AS genres_name FROM "genres" INNER JOIN "favorite_genres" ON "favorite_genres"."genre_id" = "genres"."id" GROUP BY "genres"."name" ORDER BY COUNT(genres.name) DESC, "genres"."name" ASC[0m
  ↳ app/helpers/application_helper.rb:205:in `block in render_popular'
  [1m[35mCACHE  (0.0ms)[0m  [1m[34mSELECT COUNT(*) AS count_all, "genres"."name" AS genres_name FROM "genres" INNER JOIN "favorite_genres" ON "favorite_genres"."genre_id" = "genres"."id" GROUP BY "genres"."name" ORDER BY COUNT(genres.name) DESC, "genres"."name" ASC[0m
  ↳ app/helpers/application_helper.rb:205:in `block in render_popular'
  Rendered partials/_popular.html.erb (Duration: 46.4ms | Allocations: 12361)
  Rendered genres/popular.html.erb within layouts/application (Duration: 49.7ms | Allocations: 13344)
[Webpacker] Everything's up-to-date. Nothing to do
  [1m[36mUser Load (0.3ms)[0m  [1m[34mSELECT "users".* FROM "users" WHERE "users"."id" = ? LIMIT ?[0m  [["id", 6], ["LIMIT", 1]]
  ↳ app/helpers/application_helper.rb:191:in `profile'
Completed 200 OK in 91ms (Views: 80.2ms | ActiveRecord: 3.2ms | Allocations: 32493)


Started GET "/users/6" for ::1 at 2020-08-05 14:18:36 -0600
Processing by UsersController#show as HTML
  Parameters: {"id"=>"6"}
  [1m[36mUser Load (0.4ms)[0m  [1m[34mSELECT "users".* FROM "users" WHERE "users"."id" = ? LIMIT ?[0m  [["id", 6], ["LIMIT", 1]]
  ↳ app/controllers/application_controller.rb:55:in `show'
  Rendering users/show.html.erb within layouts/application
  [1m[36mBook Exists? (0.2ms)[0m  [1m[34mSELECT 1 AS one FROM "books" INNER JOIN "favorite_books" ON "books"."id" = "favorite_books"."book_id" WHERE "favorite_books"."user_id" = ? LIMIT ?[0m  [["user_id", 6], ["LIMIT", 1]]
  ↳ app/helpers/users_helper.rb:41:in `favorites'
  [1m[36mAuthor Exists? (0.2ms)[0m  [1m[34mSELECT 1 AS one FROM "authors" INNER JOIN "favorite_authors" ON "authors"."id" = "favorite_authors"."author_id" WHERE "favorite_authors"."user_id" = ? LIMIT ?[0m  [["user_id", 6], ["LIMIT", 1]]
  ↳ app/helpers/users_helper.rb:41:in `favorites'
  [1m[36mGenre Exists? (0.2ms)[0m  [1m[34mSELECT 1 AS one FROM "genres" INNER JOIN "favorite_genres" ON "genres"."id" = "favorite_genres"."genre_id" WHERE "favorite_genres"."user_id" = ? LIMIT ?[0m  [["user_id", 6], ["LIMIT", 1]]
  ↳ app/helpers/users_helper.rb:41:in `favorites'
  Rendered users/show.html.erb within layouts/application (Duration: 38.8ms | Allocations: 19762)
[Webpacker] Everything's up-to-date. Nothing to do
  [1m[36mUser Load (0.2ms)[0m  [1m[34mSELECT "users".* FROM "users" WHERE "users"."id" = ? LIMIT ?[0m  [["id", 6], ["LIMIT", 1]]
  ↳ app/helpers/application_helper.rb:191:in `profile'
Completed 200 OK in 67ms (Views: 57.7ms | ActiveRecord: 4.1ms | Allocations: 26012)


Started GET "/users/6/genres" for ::1 at 2020-08-05 14:18:38 -0600
Processing by GenresController#index as HTML
  Parameters: {"user_id"=>"6"}
  Rendering genres/index.html.erb within layouts/application
  [1m[36mGenre Exists? (0.3ms)[0m  [1m[34mSELECT 1 AS one FROM "genres" LIMIT ?[0m  [["LIMIT", 1]]
  ↳ app/helpers/application_helper.rb:113:in `index'
  [1m[36mGenre Load (0.4ms)[0m  [1m[34mSELECT "genres".* FROM "genres"[0m
  ↳ app/helpers/application_helper.rb:115:in `index'
  [1m[36mUser Load (0.2ms)[0m  [1m[34mSELECT "users".* FROM "users" WHERE "users"."id" = ? LIMIT ?[0m  [["id", 6], ["LIMIT", 1]]
  ↳ app/helpers/application_helper.rb:117:in `index'
  [1m[36mGenre Exists? (0.3ms)[0m  [1m[34mSELECT 1 AS one FROM "genres" INNER JOIN "favorite_genres" ON "genres"."id" = "favorite_genres"."genre_id" WHERE "favorite_genres"."user_id" = ? AND "genres"."id" = ? LIMIT ?[0m  [["user_id", 6], ["id", 1], ["LIMIT", 1]]
  ↳ app/helpers/application_helper.rb:217:in `favorite_button'
  [1m[36mGenre Exists? (0.2ms)[0m  [1m[34mSELECT 1 AS one FROM "genres" INNER JOIN "favorite_genres" ON "genres"."id" = "favorite_genres"."genre_id" WHERE "favorite_genres"."user_id" = ? AND "genres"."id" = ? LIMIT ?[0m  [["user_id", 6], ["id", 2], ["LIMIT", 1]]
  ↳ app/helpers/application_helper.rb:217:in `favorite_button'
  [1m[36mGenre Exists? (0.3ms)[0m  [1m[34mSELECT 1 AS one FROM "genres" INNER JOIN "favorite_genres" ON "genres"."id" = "favorite_genres"."genre_id" WHERE "favorite_genres"."user_id" = ? AND "genres"."id" = ? LIMIT ?[0m  [["user_id", 6], ["id", 3], ["LIMIT", 1]]
  ↳ app/helpers/application_helper.rb:217:in `favorite_button'
  [1m[36mGenre Exists? (0.3ms)[0m  [1m[34mSELECT 1 AS one FROM "genres" INNER JOIN "favorite_genres" ON "genres"."id" = "favorite_genres"."genre_id" WHERE "favorite_genres"."user_id" = ? AND "genres"."id" = ? LIMIT ?[0m  [["user_id", 6], ["id", 4], ["LIMIT", 1]]
  ↳ app/helpers/application_helper.rb:217:in `favorite_button'
  [1m[36mGenre Exists? (0.4ms)[0m  [1m[34mSELECT 1 AS one FROM "genres" INNER JOIN "favorite_genres" ON "genres"."id" = "favorite_genres"."genre_id" WHERE "favorite_genres"."user_id" = ? AND "genres"."id" = ? LIMIT ?[0m  [["user_id", 6], ["id", 5], ["LIMIT", 1]]
  ↳ app/helpers/application_helper.rb:217:in `favorite_button'
  [1m[36mGenre Exists? (0.4ms)[0m  [1m[34mSELECT 1 AS one FROM "genres" INNER JOIN "favorite_genres" ON "genres"."id" = "favorite_genres"."genre_id" WHERE "favorite_genres"."user_id" = ? AND "genres"."id" = ? LIMIT ?[0m  [["user_id", 6], ["id", 6], ["LIMIT", 1]]
  ↳ app/helpers/application_helper.rb:217:in `favorite_button'
  [1m[36mGenre Exists? (0.3ms)[0m  [1m[34mSELECT 1 AS one FROM "genres" INNER JOIN "favorite_genres" ON "genres"."id" = "favorite_genres"."genre_id" WHERE "favorite_genres"."user_id" = ? AND "genres"."id" = ? LIMIT ?[0m  [["user_id", 6], ["id", 7], ["LIMIT", 1]]
  ↳ app/helpers/application_helper.rb:217:in `favorite_button'
  [1m[36mGenre Exists? (0.3ms)[0m  [1m[34mSELECT 1 AS one FROM "genres" INNER JOIN "favorite_genres" ON "genres"."id" = "favorite_genres"."genre_id" WHERE "favorite_genres"."user_id" = ? AND "genres"."id" = ? LIMIT ?[0m  [["user_id", 6], ["id", 8], ["LIMIT", 1]]
  ↳ app/helpers/application_helper.rb:217:in `favorite_button'
  [1m[36mGenre Exists? (0.3ms)[0m  [1m[34mSELECT 1 AS one FROM "genres" INNER JOIN "favorite_genres" ON "genres"."id" = "favorite_genres"."genre_id" WHERE "favorite_genres"."user_id" = ? AND "genres"."id" = ? LIMIT ?[0m  [["user_id", 6], ["id", 9], ["LIMIT", 1]]
  ↳ app/helpers/application_helper.rb:217:in `favorite_button'
  [1m[36mGenre Exists? (0.3ms)[0m  [1m[34mSELECT 1 AS one FROM "genres" INNER JOIN "favorite_genres" ON "genres"."id" = "favorite_genres"."genre_id" WHERE "favorite_genres"."user_id" = ? AND "genres"."id" = ? LIMIT ?[0m  [["user_id", 6], ["id", 10], ["LIMIT", 1]]
  ↳ app/helpers/application_helper.rb:217:in `favorite_button'
  Rendered partials/_index.html.erb (Duration: 55.5ms | Allocations: 12805)
  Rendered genres/index.html.erb within layouts/application (Duration: 57.6ms | Allocations: 13133)
[Webpacker] Everything's up-to-date. Nothing to do
  [1m[36mCACHE User Load (0.0ms)[0m  [1m[34mSELECT "users".* FROM "users" WHERE "users"."id" = ? LIMIT ?[0m  [["id", 6], ["LIMIT", 1]]
  ↳ app/helpers/application_helper.rb:191:in `profile'
Completed 200 OK in 79ms (Views: 73.5ms | ActiveRecord: 3.9ms | Allocations: 18270)


Started GET "/users/6/genres/new" for ::1 at 2020-08-05 14:18:41 -0600
Processing by GenresController#new as HTML
  Parameters: {"user_id"=>"6"}
  Rendering genres/new.html.erb within layouts/application
  [1m[36mBook Load (0.4ms)[0m  [1m[34mSELECT "books".* FROM "books"[0m
  ↳ app/views/genres/_new_or_edit.html.erb:9
  Rendered genres/_new_or_edit.html.erb (Duration: 15.0ms | Allocations: 10664)
  Rendered genres/new.html.erb within layouts/application (Duration: 18.9ms | Allocations: 10984)
[Webpacker] Everything's up-to-date. Nothing to do
  [1m[36mUser Load (0.2ms)[0m  [1m[34mSELECT "users".* FROM "users" WHERE "users"."id" = ? LIMIT ?[0m  [["id", 6], ["LIMIT", 1]]
  ↳ app/helpers/application_helper.rb:191:in `profile'
Completed 200 OK in 41ms (Views: 38.7ms | ActiveRecord: 1.1ms | Allocations: 16174)


Started POST "/genres" for ::1 at 2020-08-05 14:18:49 -0600
Processing by GenresController#create as HTML
  Parameters: {"authenticity_token"=>"rJfzX21+piBLhYuEtt+bITICh6TdjXFOfEMYY771N5+tXM1X0WAnE3AsBvumm/TMQIAP5/diYU93T9GuOP0fiw==", "genre"=>{"name"=>"Mythics", "book_ids"=>[""], "books_attributes"=>{"0"=>{"name"=>"kugyrs"}}}, "commit"=>"Create Genre"}
  [1m[36mBook Load (0.3ms)[0m  [1m[34mSELECT "books".* FROM "books" WHERE 1=0[0m
  ↳ app/controllers/application_controller.rb:10:in `create'
  [1m[35m (0.0ms)[0m  [1m[36mbegin transaction[0m
  ↳ app/controllers/application_controller.rb:11:in `create'
  [1m[36mGenre Create (11.0ms)[0m  [1m[32mINSERT INTO "genres" ("name", "created_at", "updated_at") VALUES (?, ?, ?)[0m  [["name", "Mythics"], ["created_at", "2020-08-05 20:18:49.393903"], ["updated_at", "2020-08-05 20:18:49.393903"]]
  ↳ app/controllers/application_controller.rb:11:in `create'
  [1m[36mBook Create (0.1ms)[0m  [1m[32mINSERT INTO "books" ("created_at", "updated_at", "name") VALUES (?, ?, ?)[0m  [["created_at", "2020-08-05 20:18:49.411133"], ["updated_at", "2020-08-05 20:18:49.411133"], ["name", "kugyrs"]]
  ↳ app/controllers/application_controller.rb:11:in `create'
  [1m[36mBookGenre Create (0.2ms)[0m  [1m[32mINSERT INTO "book_genres" ("book_id", "genre_id", "created_at", "updated_at") VALUES (?, ?, ?, ?)[0m  [["book_id", 13], ["genre_id", 11], ["created_at", "2020-08-05 20:18:49.424998"], ["updated_at", "2020-08-05 20:18:49.424998"]]
  ↳ app/controllers/application_controller.rb:11:in `create'
  [1m[35m (6.2ms)[0m  [1m[36mcommit transaction[0m
  ↳ app/controllers/application_controller.rb:11:in `create'
Redirected to http://localhost:3000/genres
Completed 302 Found in 54ms (ActiveRecord: 18.2ms | Allocations: 15083)


Started GET "/genres" for ::1 at 2020-08-05 14:18:49 -0600
Processing by GenresController#index as HTML
  Rendering genres/index.html.erb within layouts/application
  [1m[36mGenre Exists? (0.4ms)[0m  [1m[34mSELECT 1 AS one FROM "genres" LIMIT ?[0m  [["LIMIT", 1]]
  ↳ app/helpers/application_helper.rb:113:in `index'
  [1m[36mGenre Load (0.3ms)[0m  [1m[34mSELECT "genres".* FROM "genres"[0m
  ↳ app/helpers/application_helper.rb:115:in `index'
  [1m[36mUser Load (0.4ms)[0m  [1m[34mSELECT "users".* FROM "users" WHERE "users"."id" = ? LIMIT ?[0m  [["id", 6], ["LIMIT", 1]]
  ↳ app/helpers/application_helper.rb:117:in `index'
  [1m[36mGenre Exists? (0.3ms)[0m  [1m[34mSELECT 1 AS one FROM "genres" INNER JOIN "favorite_genres" ON "genres"."id" = "favorite_genres"."genre_id" WHERE "favorite_genres"."user_id" = ? AND "genres"."id" = ? LIMIT ?[0m  [["user_id", 6], ["id", 1], ["LIMIT", 1]]
  ↳ app/helpers/application_helper.rb:217:in `favorite_button'
  [1m[36mGenre Exists? (0.3ms)[0m  [1m[34mSELECT 1 AS one FROM "genres" INNER JOIN "favorite_genres" ON "genres"."id" = "favorite_genres"."genre_id" WHERE "favorite_genres"."user_id" = ? AND "genres"."id" = ? LIMIT ?[0m  [["user_id", 6], ["id", 2], ["LIMIT", 1]]
  ↳ app/helpers/application_helper.rb:217:in `favorite_button'
  [1m[36mGenre Exists? (0.3ms)[0m  [1m[34mSELECT 1 AS one FROM "genres" INNER JOIN "favorite_genres" ON "genres"."id" = "favorite_genres"."genre_id" WHERE "favorite_genres"."user_id" = ? AND "genres"."id" = ? LIMIT ?[0m  [["user_id", 6], ["id", 3], ["LIMIT", 1]]
  ↳ app/helpers/application_helper.rb:217:in `favorite_button'
  [1m[36mGenre Exists? (0.3ms)[0m  [1m[34mSELECT 1 AS one FROM "genres" INNER JOIN "favorite_genres" ON "genres"."id" = "favorite_genres"."genre_id" WHERE "favorite_genres"."user_id" = ? AND "genres"."id" = ? LIMIT ?[0m  [["user_id", 6], ["id", 4], ["LIMIT", 1]]
  ↳ app/helpers/application_helper.rb:217:in `favorite_button'
  [1m[36mGenre Exists? (0.3ms)[0m  [1m[34mSELECT 1 AS one FROM "genres" INNER JOIN "favorite_genres" ON "genres"."id" = "favorite_genres"."genre_id" WHERE "favorite_genres"."user_id" = ? AND "genres"."id" = ? LIMIT ?[0m  [["user_id", 6], ["id", 5], ["LIMIT", 1]]
  ↳ app/helpers/application_helper.rb:217:in `favorite_button'
  [1m[36mGenre Exists? (0.4ms)[0m  [1m[34mSELECT 1 AS one FROM "genres" INNER JOIN "favorite_genres" ON "genres"."id" = "favorite_genres"."genre_id" WHERE "favorite_genres"."user_id" = ? AND "genres"."id" = ? LIMIT ?[0m  [["user_id", 6], ["id", 6], ["LIMIT", 1]]
  ↳ app/helpers/application_helper.rb:217:in `favorite_button'
  [1m[36mGenre Exists? (0.3ms)[0m  [1m[34mSELECT 1 AS one FROM "genres" INNER JOIN "favorite_genres" ON "genres"."id" = "favorite_genres"."genre_id" WHERE "favorite_genres"."user_id" = ? AND "genres"."id" = ? LIMIT ?[0m  [["user_id", 6], ["id", 7], ["LIMIT", 1]]
  ↳ app/helpers/application_helper.rb:217:in `favorite_button'
  [1m[36mGenre Exists? (0.2ms)[0m  [1m[34mSELECT 1 AS one FROM "genres" INNER JOIN "favorite_genres" ON "genres"."id" = "favorite_genres"."genre_id" WHERE "favorite_genres"."user_id" = ? AND "genres"."id" = ? LIMIT ?[0m  [["user_id", 6], ["id", 8], ["LIMIT", 1]]
  ↳ app/helpers/application_helper.rb:217:in `favorite_button'
  [1m[36mGenre Exists? (0.3ms)[0m  [1m[34mSELECT 1 AS one FROM "genres" INNER JOIN "favorite_genres" ON "genres"."id" = "favorite_genres"."genre_id" WHERE "favorite_genres"."user_id" = ? AND "genres"."id" = ? LIMIT ?[0m  [["user_id", 6], ["id", 9], ["LIMIT", 1]]
  ↳ app/helpers/application_helper.rb:217:in `favorite_button'
  [1m[36mGenre Exists? (0.4ms)[0m  [1m[34mSELECT 1 AS one FROM "genres" INNER JOIN "favorite_genres" ON "genres"."id" = "favorite_genres"."genre_id" WHERE "favorite_genres"."user_id" = ? AND "genres"."id" = ? LIMIT ?[0m  [["user_id", 6], ["id", 10], ["LIMIT", 1]]
  ↳ app/helpers/application_helper.rb:217:in `favorite_button'
  [1m[36mGenre Exists? (0.3ms)[0m  [1m[34mSELECT 1 AS one FROM "genres" INNER JOIN "favorite_genres" ON "genres"."id" = "favorite_genres"."genre_id" WHERE "favorite_genres"."user_id" = ? AND "genres"."id" = ? LIMIT ?[0m  [["user_id", 6], ["id", 11], ["LIMIT", 1]]
  ↳ app/helpers/application_helper.rb:217:in `favorite_button'
  Rendered partials/_index.html.erb (Duration: 64.1ms | Allocations: 14071)
  Rendered genres/index.html.erb within layouts/application (Duration: 64.6ms | Allocations: 14164)
[Webpacker] Everything's up-to-date. Nothing to do
  [1m[36mCACHE User Load (0.0ms)[0m  [1m[34mSELECT "users".* FROM "users" WHERE "users"."id" = ? LIMIT ?[0m  [["id", 6], ["LIMIT", 1]]
  ↳ app/helpers/application_helper.rb:191:in `profile'
Completed 200 OK in 86ms (Views: 80.2ms | ActiveRecord: 4.4ms | Allocations: 19141)


Started GET "/genres/11" for ::1 at 2020-08-05 14:18:53 -0600
Processing by GenresController#show as HTML
  Parameters: {"id"=>"11"}
  [1m[36mGenre Load (0.6ms)[0m  [1m[34mSELECT "genres".* FROM "genres" WHERE "genres"."id" = ? LIMIT ?[0m  [["id", 11], ["LIMIT", 1]]
  ↳ app/controllers/application_controller.rb:55:in `show'
  Rendering genres/show.html.erb within layouts/application
  [1m[36mAuthor Exists? (0.4ms)[0m  [1m[34mSELECT 1 AS one FROM "authors" INNER JOIN "author_books" ON "authors"."id" = "author_books"."author_id" INNER JOIN "books" ON "author_books"."book_id" = "books"."id" INNER JOIN "book_genres" ON "books"."id" = "book_genres"."book_id" WHERE "book_genres"."genre_id" = ? LIMIT ?[0m  [["genre_id", 11], ["LIMIT", 1]]
  ↳ app/helpers/application_helper.rb:73:in `block in display_associations'
  [1m[36mBook Exists? (0.3ms)[0m  [1m[34mSELECT 1 AS one FROM "books" INNER JOIN "book_genres" ON "books"."id" = "book_genres"."book_id" WHERE "book_genres"."genre_id" = ? LIMIT ?[0m  [["genre_id", 11], ["LIMIT", 1]]
  ↳ app/helpers/application_helper.rb:73:in `block in display_associations'
  [1m[36mBook Load (0.4ms)[0m  [1m[34mSELECT "books".* FROM "books" INNER JOIN "book_genres" ON "books"."id" = "book_genres"."book_id" WHERE "book_genres"."genre_id" = ?[0m  [["genre_id", 11]]
  ↳ app/helpers/application_helper.rb:74:in `block in display_associations'
  [1m[36mUser Load (0.2ms)[0m  [1m[34mSELECT "users".* FROM "users" WHERE "users"."id" = ? LIMIT ?[0m  [["id", 6], ["LIMIT", 1]]
  ↳ app/helpers/application_helper.rb:106:in `favorite'
  [1m[36mGenre Exists? (0.3ms)[0m  [1m[34mSELECT 1 AS one FROM "genres" INNER JOIN "favorite_genres" ON "genres"."id" = "favorite_genres"."genre_id" WHERE "favorite_genres"."user_id" = ? AND "genres"."id" = ? LIMIT ?[0m  [["user_id", 6], ["id", 11], ["LIMIT", 1]]
  ↳ app/helpers/application_helper.rb:217:in `favorite_button'
  [1m[36mFavoriteGenre Load (0.3ms)[0m  [1m[34mSELECT "favorite_genres".* FROM "favorite_genres" WHERE "favorite_genres"."user_id" = ? AND "favorite_genres"."genre_id" = ? ORDER BY "favorite_genres"."id" ASC LIMIT ?[0m  [["user_id", 6], ["genre_id", 11], ["LIMIT", 1]]
  ↳ app/helpers/application_helper.rb:168:in `notes'
  Rendered partials/_show.html.erb (Duration: 30.3ms | Allocations: 10975)
  Rendered genres/show.html.erb within layouts/application (Duration: 34.4ms | Allocations: 11295)
[Webpacker] Everything's up-to-date. Nothing to do
  [1m[36mCACHE User Load (0.0ms)[0m  [1m[34mSELECT "users".* FROM "users" WHERE "users"."id" = ? LIMIT ?[0m  [["id", 6], ["LIMIT", 1]]
  ↳ app/helpers/application_helper.rb:191:in `profile'
Completed 200 OK in 69ms (Views: 59.6ms | ActiveRecord: 2.9ms | Allocations: 17259)


Started GET "/genres/11" for ::1 at 2020-08-05 14:25:00 -0600
  [1m[35m (0.1ms)[0m  [1m[34mSELECT sqlite_version(*)[0m
Processing by GenresController#show as HTML
  Parameters: {"id"=>"11"}
  [1m[36mGenre Load (0.5ms)[0m  [1m[34mSELECT "genres".* FROM "genres" WHERE "genres"."id" = ? LIMIT ?[0m  [["id", 11], ["LIMIT", 1]]
  ↳ app/controllers/application_controller.rb:55:in `show'
  Rendering genres/show.html.erb within layouts/application
  Rendered partials/_show.html.erb (Duration: 7.5ms | Allocations: 6146)
  Rendered genres/show.html.erb within layouts/application (Duration: 9.5ms | Allocations: 6471)
Completed 500 Internal Server Error in 31ms (ActiveRecord: 0.5ms | Allocations: 15284)


  
ActionView::Template::Error (No association found for name `[:authors, :genres]'. Has it been defined yet?):
    2: 
    3: <%= link_to 'Edit', edit_path(obj) %>
    4: 
    5: <%= display_associations(obj) %>
    6: 
    7: <%= display_attributes(obj) %>
    8: 
  
app/models/book.rb:11:in `<class:Book>'
app/models/book.rb:1:in `<top (required)>'
app/helpers/application_helper.rb:72:in `block in display_associations'
app/helpers/application_helper.rb:70:in `each'
app/helpers/application_helper.rb:70:in `display_associations'
app/views/partials/_show.html.erb:5
app/views/genres/show.html.erb:1
Started GET "/genres/11" for ::1 at 2020-08-05 14:25:22 -0600
  [1m[35m (0.1ms)[0m  [1m[34mSELECT sqlite_version(*)[0m
Processing by GenresController#show as HTML
  Parameters: {"id"=>"11"}
  [1m[36mGenre Load (0.3ms)[0m  [1m[34mSELECT "genres".* FROM "genres" WHERE "genres"."id" = ? LIMIT ?[0m  [["id", 11], ["LIMIT", 1]]
  ↳ app/controllers/application_controller.rb:55:in `show'
  Rendering genres/show.html.erb within layouts/application
  [1m[36mAuthor Exists? (0.4ms)[0m  [1m[34mSELECT 1 AS one FROM "authors" INNER JOIN "author_books" ON "authors"."id" = "author_books"."author_id" INNER JOIN "books" ON "author_books"."book_id" = "books"."id" INNER JOIN "book_genres" ON "books"."id" = "book_genres"."book_id" WHERE "book_genres"."genre_id" = ? LIMIT ?[0m  [["genre_id", 11], ["LIMIT", 1]]
  ↳ app/helpers/application_helper.rb:73:in `block in display_associations'
  [1m[36mBook Exists? (0.3ms)[0m  [1m[34mSELECT 1 AS one FROM "books" INNER JOIN "book_genres" ON "books"."id" = "book_genres"."book_id" WHERE "book_genres"."genre_id" = ? LIMIT ?[0m  [["genre_id", 11], ["LIMIT", 1]]
  ↳ app/helpers/application_helper.rb:73:in `block in display_associations'
  [1m[36mBook Load (0.3ms)[0m  [1m[34mSELECT "books".* FROM "books" INNER JOIN "book_genres" ON "books"."id" = "book_genres"."book_id" WHERE "book_genres"."genre_id" = ?[0m  [["genre_id", 11]]
  ↳ app/helpers/application_helper.rb:74:in `block in display_associations'
  [1m[36mUser Load (0.3ms)[0m  [1m[34mSELECT "users".* FROM "users" WHERE "users"."id" = ? LIMIT ?[0m  [["id", 6], ["LIMIT", 1]]
  ↳ app/helpers/application_helper.rb:106:in `favorite'
  [1m[36mGenre Exists? (0.2ms)[0m  [1m[34mSELECT 1 AS one FROM "genres" INNER JOIN "favorite_genres" ON "genres"."id" = "favorite_genres"."genre_id" WHERE "favorite_genres"."user_id" = ? AND "genres"."id" = ? LIMIT ?[0m  [["user_id", 6], ["id", 11], ["LIMIT", 1]]
  ↳ app/helpers/application_helper.rb:217:in `favorite_button'
  [1m[36mFavoriteGenre Load (0.2ms)[0m  [1m[34mSELECT "favorite_genres".* FROM "favorite_genres" WHERE "favorite_genres"."user_id" = ? AND "favorite_genres"."genre_id" = ? ORDER BY "favorite_genres"."id" ASC LIMIT ?[0m  [["user_id", 6], ["genre_id", 11], ["LIMIT", 1]]
  ↳ app/helpers/application_helper.rb:168:in `notes'
  Rendered partials/_show.html.erb (Duration: 86.3ms | Allocations: 38204)
  Rendered genres/show.html.erb within layouts/application (Duration: 87.0ms | Allocations: 38294)
[Webpacker] Everything's up-to-date. Nothing to do
  [1m[36mCACHE User Load (0.0ms)[0m  [1m[34mSELECT "users".* FROM "users" WHERE "users"."id" = ? LIMIT ?[0m  [["id", 6], ["LIMIT", 1]]
  ↳ app/helpers/application_helper.rb:191:in `profile'
Completed 200 OK in 123ms (Views: 102.8ms | ActiveRecord: 7.6ms | Allocations: 51641)


Started GET "/genres/11/edit" for ::1 at 2020-08-05 14:25:25 -0600
Processing by GenresController#edit as HTML
  Parameters: {"id"=>"11"}
  [1m[36mGenre Load (0.4ms)[0m  [1m[34mSELECT "genres".* FROM "genres" WHERE "genres"."id" = ? LIMIT ?[0m  [["id", 11], ["LIMIT", 1]]
  ↳ app/controllers/application_controller.rb:38:in `edit'
  Rendering genres/edit.html.erb within layouts/application
  [1m[36mBook Load (0.3ms)[0m  [1m[34mSELECT "books".* FROM "books"[0m
  ↳ app/views/genres/_new_or_edit.html.erb:9
  [1m[35m (0.3ms)[0m  [1m[34mSELECT "books"."id" FROM "books" INNER JOIN "book_genres" ON "books"."id" = "book_genres"."book_id" WHERE "book_genres"."genre_id" = ?[0m  [["genre_id", 11]]
  ↳ app/views/genres/_new_or_edit.html.erb:9
  Rendered genres/_new_or_edit.html.erb (Duration: 15.0ms | Allocations: 4749)
  Rendered genres/edit.html.erb within layouts/application (Duration: 18.9ms | Allocations: 5069)
[Webpacker] Everything's up-to-date. Nothing to do
  [1m[36mUser Load (0.2ms)[0m  [1m[34mSELECT "users".* FROM "users" WHERE "users"."id" = ? LIMIT ?[0m  [["id", 6], ["LIMIT", 1]]
  ↳ app/helpers/application_helper.rb:191:in `profile'
Completed 200 OK in 56ms (Views: 49.0ms | ActiveRecord: 1.1ms | Allocations: 10812)


Started GET "/books/popular" for ::1 at 2020-08-05 14:25:29 -0600
Processing by BooksController#popular as HTML
  Rendering books/popular.html.erb within layouts/application
  [1m[36mBook Load (0.4ms)[0m  [1m[34mSELECT "books".* FROM "books" INNER JOIN "favorite_books" ON "favorite_books"."book_id" = "books"."id" GROUP BY "books"."name" ORDER BY COUNT(books.name) DESC, "books"."name" ASC[0m
  ↳ app/helpers/application_helper.rb:204:in `render_popular'
  [1m[35m (0.6ms)[0m  [1m[34mSELECT COUNT(*) AS count_all, "books"."name" AS books_name FROM "books" INNER JOIN "favorite_books" ON "favorite_books"."book_id" = "books"."id" GROUP BY "books"."name" ORDER BY COUNT(books.name) DESC, "books"."name" ASC[0m
  ↳ app/helpers/application_helper.rb:205:in `block in render_popular'
  [1m[35mCACHE  (0.0ms)[0m  [1m[34mSELECT COUNT(*) AS count_all, "books"."name" AS books_name FROM "books" INNER JOIN "favorite_books" ON "favorite_books"."book_id" = "books"."id" GROUP BY "books"."name" ORDER BY COUNT(books.name) DESC, "books"."name" ASC[0m
  ↳ app/helpers/application_helper.rb:205:in `block in render_popular'
  [1m[35mCACHE  (0.0ms)[0m  [1m[34mSELECT COUNT(*) AS count_all, "books"."name" AS books_name FROM "books" INNER JOIN "favorite_books" ON "favorite_books"."book_id" = "books"."id" GROUP BY "books"."name" ORDER BY COUNT(books.name) DESC, "books"."name" ASC[0m
  ↳ app/helpers/application_helper.rb:205:in `block in render_popular'
  [1m[35mCACHE  (0.0ms)[0m  [1m[34mSELECT COUNT(*) AS count_all, "books"."name" AS books_name FROM "books" INNER JOIN "favorite_books" ON "favorite_books"."book_id" = "books"."id" GROUP BY "books"."name" ORDER BY COUNT(books.name) DESC, "books"."name" ASC[0m
  ↳ app/helpers/application_helper.rb:205:in `block in render_popular'
  [1m[35mCACHE  (0.0ms)[0m  [1m[34mSELECT COUNT(*) AS count_all, "books"."name" AS books_name FROM "books" INNER JOIN "favorite_books" ON "favorite_books"."book_id" = "books"."id" GROUP BY "books"."name" ORDER BY COUNT(books.name) DESC, "books"."name" ASC[0m
  ↳ app/helpers/application_helper.rb:205:in `block in render_popular'
  [1m[35mCACHE  (0.0ms)[0m  [1m[34mSELECT COUNT(*) AS count_all, "books"."name" AS books_name FROM "books" INNER JOIN "favorite_books" ON "favorite_books"."book_id" = "books"."id" GROUP BY "books"."name" ORDER BY COUNT(books.name) DESC, "books"."name" ASC[0m
  ↳ app/helpers/application_helper.rb:205:in `block in render_popular'
  [1m[35mCACHE  (0.0ms)[0m  [1m[34mSELECT COUNT(*) AS count_all, "books"."name" AS books_name FROM "books" INNER JOIN "favorite_books" ON "favorite_books"."book_id" = "books"."id" GROUP BY "books"."name" ORDER BY COUNT(books.name) DESC, "books"."name" ASC[0m
  ↳ app/helpers/application_helper.rb:205:in `block in render_popular'
  [1m[35mCACHE  (0.0ms)[0m  [1m[34mSELECT COUNT(*) AS count_all, "books"."name" AS books_name FROM "books" INNER JOIN "favorite_books" ON "favorite_books"."book_id" = "books"."id" GROUP BY "books"."name" ORDER BY COUNT(books.name) DESC, "books"."name" ASC[0m
  ↳ app/helpers/application_helper.rb:205:in `block in render_popular'
  Rendered partials/_popular.html.erb (Duration: 39.5ms | Allocations: 9685)
  Rendered books/popular.html.erb within layouts/application (Duration: 44.8ms | Allocations: 10130)
[Webpacker] Everything's up-to-date. Nothing to do
  [1m[36mUser Load (0.3ms)[0m  [1m[34mSELECT "users".* FROM "users" WHERE "users"."id" = ? LIMIT ?[0m  [["id", 6], ["LIMIT", 1]]
  ↳ app/helpers/application_helper.rb:191:in `profile'
Completed 200 OK in 69ms (Views: 66.1ms | ActiveRecord: 1.4ms | Allocations: 15708)


Started GET "/users/6" for ::1 at 2020-08-05 14:25:32 -0600
Processing by UsersController#show as HTML
  Parameters: {"id"=>"6"}
  [1m[36mUser Load (0.2ms)[0m  [1m[34mSELECT "users".* FROM "users" WHERE "users"."id" = ? LIMIT ?[0m  [["id", 6], ["LIMIT", 1]]
  ↳ app/controllers/application_controller.rb:55:in `show'
  Rendering users/show.html.erb within layouts/application
  [1m[36mBook Exists? (0.2ms)[0m  [1m[34mSELECT 1 AS one FROM "books" INNER JOIN "favorite_books" ON "books"."id" = "favorite_books"."book_id" WHERE "favorite_books"."user_id" = ? LIMIT ?[0m  [["user_id", 6], ["LIMIT", 1]]
  ↳ app/helpers/users_helper.rb:41:in `favorites'
  [1m[36mAuthor Exists? (0.2ms)[0m  [1m[34mSELECT 1 AS one FROM "authors" INNER JOIN "favorite_authors" ON "authors"."id" = "favorite_authors"."author_id" WHERE "favorite_authors"."user_id" = ? LIMIT ?[0m  [["user_id", 6], ["LIMIT", 1]]
  ↳ app/helpers/users_helper.rb:41:in `favorites'
  [1m[36mGenre Exists? (0.3ms)[0m  [1m[34mSELECT 1 AS one FROM "genres" INNER JOIN "favorite_genres" ON "genres"."id" = "favorite_genres"."genre_id" WHERE "favorite_genres"."user_id" = ? LIMIT ?[0m  [["user_id", 6], ["LIMIT", 1]]
  ↳ app/helpers/users_helper.rb:41:in `favorites'
  Rendered users/show.html.erb within layouts/application (Duration: 20.1ms | Allocations: 8399)
[Webpacker] Everything's up-to-date. Nothing to do
  [1m[36mUser Load (0.4ms)[0m  [1m[34mSELECT "users".* FROM "users" WHERE "users"."id" = ? LIMIT ?[0m  [["id", 6], ["LIMIT", 1]]
  ↳ app/helpers/application_helper.rb:191:in `profile'
Completed 200 OK in 48ms (Views: 41.8ms | ActiveRecord: 2.2ms | Allocations: 14549)


Started GET "/users/6/books" for ::1 at 2020-08-05 14:25:33 -0600
Processing by BooksController#index as HTML
  Parameters: {"user_id"=>"6"}
  Rendering books/index.html.erb within layouts/application
  [1m[36mBook Exists? (0.3ms)[0m  [1m[34mSELECT 1 AS one FROM "books" LIMIT ?[0m  [["LIMIT", 1]]
  ↳ app/helpers/application_helper.rb:113:in `index'
  [1m[36mBook Load (0.2ms)[0m  [1m[34mSELECT "books".* FROM "books"[0m
  ↳ app/helpers/application_helper.rb:115:in `index'
  [1m[36mUser Load (0.3ms)[0m  [1m[34mSELECT "users".* FROM "users" WHERE "users"."id" = ? LIMIT ?[0m  [["id", 6], ["LIMIT", 1]]
  ↳ app/helpers/application_helper.rb:117:in `index'
  [1m[36mBook Exists? (0.3ms)[0m  [1m[34mSELECT 1 AS one FROM "books" INNER JOIN "favorite_books" ON "books"."id" = "favorite_books"."book_id" WHERE "favorite_books"."user_id" = ? AND "books"."id" = ? LIMIT ?[0m  [["user_id", 6], ["id", 1], ["LIMIT", 1]]
  ↳ app/helpers/application_helper.rb:217:in `favorite_button'
  [1m[36mBook Exists? (0.3ms)[0m  [1m[34mSELECT 1 AS one FROM "books" INNER JOIN "favorite_books" ON "books"."id" = "favorite_books"."book_id" WHERE "favorite_books"."user_id" = ? AND "books"."id" = ? LIMIT ?[0m  [["user_id", 6], ["id", 2], ["LIMIT", 1]]
  ↳ app/helpers/application_helper.rb:217:in `favorite_button'
  [1m[36mBook Exists? (0.3ms)[0m  [1m[34mSELECT 1 AS one FROM "books" INNER JOIN "favorite_books" ON "books"."id" = "favorite_books"."book_id" WHERE "favorite_books"."user_id" = ? AND "books"."id" = ? LIMIT ?[0m  [["user_id", 6], ["id", 3], ["LIMIT", 1]]
  ↳ app/helpers/application_helper.rb:217:in `favorite_button'
  [1m[36mBook Exists? (0.4ms)[0m  [1m[34mSELECT 1 AS one FROM "books" INNER JOIN "favorite_books" ON "books"."id" = "favorite_books"."book_id" WHERE "favorite_books"."user_id" = ? AND "books"."id" = ? LIMIT ?[0m  [["user_id", 6], ["id", 4], ["LIMIT", 1]]
  ↳ app/helpers/application_helper.rb:217:in `favorite_button'
  [1m[36mBook Exists? (0.3ms)[0m  [1m[34mSELECT 1 AS one FROM "books" INNER JOIN "favorite_books" ON "books"."id" = "favorite_books"."book_id" WHERE "favorite_books"."user_id" = ? AND "books"."id" = ? LIMIT ?[0m  [["user_id", 6], ["id", 5], ["LIMIT", 1]]
  ↳ app/helpers/application_helper.rb:217:in `favorite_button'
  [1m[36mBook Exists? (0.3ms)[0m  [1m[34mSELECT 1 AS one FROM "books" INNER JOIN "favorite_books" ON "books"."id" = "favorite_books"."book_id" WHERE "favorite_books"."user_id" = ? AND "books"."id" = ? LIMIT ?[0m  [["user_id", 6], ["id", 6], ["LIMIT", 1]]
  ↳ app/helpers/application_helper.rb:217:in `favorite_button'
  [1m[36mBook Exists? (0.3ms)[0m  [1m[34mSELECT 1 AS one FROM "books" INNER JOIN "favorite_books" ON "books"."id" = "favorite_books"."book_id" WHERE "favorite_books"."user_id" = ? AND "books"."id" = ? LIMIT ?[0m  [["user_id", 6], ["id", 7], ["LIMIT", 1]]
  ↳ app/helpers/application_helper.rb:217:in `favorite_button'
  [1m[36mBook Exists? (0.4ms)[0m  [1m[34mSELECT 1 AS one FROM "books" INNER JOIN "favorite_books" ON "books"."id" = "favorite_books"."book_id" WHERE "favorite_books"."user_id" = ? AND "books"."id" = ? LIMIT ?[0m  [["user_id", 6], ["id", 8], ["LIMIT", 1]]
  ↳ app/helpers/application_helper.rb:217:in `favorite_button'
  [1m[36mBook Exists? (0.3ms)[0m  [1m[34mSELECT 1 AS one FROM "books" INNER JOIN "favorite_books" ON "books"."id" = "favorite_books"."book_id" WHERE "favorite_books"."user_id" = ? AND "books"."id" = ? LIMIT ?[0m  [["user_id", 6], ["id", 9], ["LIMIT", 1]]
  ↳ app/helpers/application_helper.rb:217:in `favorite_button'
  [1m[36mBook Exists? (0.3ms)[0m  [1m[34mSELECT 1 AS one FROM "books" INNER JOIN "favorite_books" ON "books"."id" = "favorite_books"."book_id" WHERE "favorite_books"."user_id" = ? AND "books"."id" = ? LIMIT ?[0m  [["user_id", 6], ["id", 10], ["LIMIT", 1]]
  ↳ app/helpers/application_helper.rb:217:in `favorite_button'
  [1m[36mBook Exists? (0.4ms)[0m  [1m[34mSELECT 1 AS one FROM "books" INNER JOIN "favorite_books" ON "books"."id" = "favorite_books"."book_id" WHERE "favorite_books"."user_id" = ? AND "books"."id" = ? LIMIT ?[0m  [["user_id", 6], ["id", 11], ["LIMIT", 1]]
  ↳ app/helpers/application_helper.rb:217:in `favorite_button'
  [1m[36mBook Exists? (0.3ms)[0m  [1m[34mSELECT 1 AS one FROM "books" INNER JOIN "favorite_books" ON "books"."id" = "favorite_books"."book_id" WHERE "favorite_books"."user_id" = ? AND "books"."id" = ? LIMIT ?[0m  [["user_id", 6], ["id", 12], ["LIMIT", 1]]
  ↳ app/helpers/application_helper.rb:217:in `favorite_button'
  [1m[36mBook Exists? (0.3ms)[0m  [1m[34mSELECT 1 AS one FROM "books" INNER JOIN "favorite_books" ON "books"."id" = "favorite_books"."book_id" WHERE "favorite_books"."user_id" = ? AND "books"."id" = ? LIMIT ?[0m  [["user_id", 6], ["id", 13], ["LIMIT", 1]]
  ↳ app/helpers/application_helper.rb:217:in `favorite_button'
  Rendered partials/_index.html.erb (Duration: 71.0ms | Allocations: 15850)
  Rendered books/index.html.erb within layouts/application (Duration: 75.0ms | Allocations: 16177)
[Webpacker] Everything's up-to-date. Nothing to do
  [1m[36mCACHE User Load (0.0ms)[0m  [1m[34mSELECT "users".* FROM "users" WHERE "users"."id" = ? LIMIT ?[0m  [["id", 6], ["LIMIT", 1]]
  ↳ app/helpers/application_helper.rb:191:in `profile'
Completed 200 OK in 99ms (Views: 92.5ms | ActiveRecord: 4.9ms | Allocations: 21306)


Started GET "/users/6/books/new" for ::1 at 2020-08-05 14:25:40 -0600
Processing by BooksController#new as HTML
  Parameters: {"user_id"=>"6"}
  Rendering books/new.html.erb within layouts/application
  [1m[36mAuthor Load (0.3ms)[0m  [1m[34mSELECT "authors".* FROM "authors"[0m
  ↳ app/views/books/_new_or_edit.html.erb:14
  [1m[36mGenre Load (0.4ms)[0m  [1m[34mSELECT "genres".* FROM "genres"[0m
  ↳ app/views/books/_new_or_edit.html.erb:25
  Rendered books/_new_or_edit.html.erb (Duration: 23.1ms | Allocations: 12466)
  Rendered books/new.html.erb within layouts/application (Duration: 26.9ms | Allocations: 12780)
[Webpacker] Everything's up-to-date. Nothing to do
  [1m[36mUser Load (0.2ms)[0m  [1m[34mSELECT "users".* FROM "users" WHERE "users"."id" = ? LIMIT ?[0m  [["id", 6], ["LIMIT", 1]]
  ↳ app/helpers/application_helper.rb:191:in `profile'
Completed 200 OK in 47ms (Views: 44.6ms | ActiveRecord: 1.4ms | Allocations: 17867)


